distance: 3


******** <class 'pyscf.scf.addons.SmearingDFUKS'> ********
method = SmearingDFUKS
initial guess = minao
damping factor = 0.15
level_shift factor = 0.2
DIIS = <class 'pyscf.scf.diis.CDIIS'>
diis_start_cycle = 1
diis_space = 12
diis_damp = 0
SCF conv_tol = 5e-05
SCF conv_tol_grad = None
SCF max_cycles = 200
direct_scf = True
direct_scf_tol = 1e-13
chkfile to save SCF result = ./alp03.chk
max_memory 4000 MB (current use 182 MB)
number electrons alpha = 334  beta = 332
XC library pyscf.dft.libxc version 6.1.0
    S. Lehtola, C. Steigemann, M. J.T. Oliveira, and M. A.L. Marques.,  SoftwareX 7, 1–5 (2018)
XC functionals = PBE0
    C. Adamo and V. Barone.,  J. Chem. Phys. 110, 6158 (1999)
    M. Ernzerhof and G. E. Scuseria.,  J. Chem. Phys. 110, 5029 (1999)
small_rho_cutoff = 1e-06
Set gradient conv threshold to 0.00707107
init E= -12261.6711299019
    sigma = 0.01  Optimized mu = -0.00790120665375  entropy = 17.2445864169
    Total E(T) = -12252.0434986191  Free energy = -12252.2159444833  E0 = -12252.1297215512
cycle= 1 E= -12252.0434986191  delta_E= 9.63  |g|= 3.89  |ddm|= 5.61e+03
    sigma = 0.01  Optimized mu = 0.0398782597115  entropy = 7.63728876415
    Total E(T) = -12217.5043336479  Free energy = -12217.5807065355  E0 = -12217.5425200917
cycle= 2 E= -12217.5043336479  delta_E= 34.5  |g|= 23.1  |ddm|= 2.05e+03
    sigma = 0.01  Optimized mu = -0.119130404118  entropy = 4.92259079815
    Total E(T) = -12250.1759362771  Free energy = -12250.2251621851  E0 = -12250.2005492311
cycle= 3 E= -12250.1759362771  delta_E= -32.7  |g|=  7.1  |ddm|= 1.95e+03
    sigma = 0.01  Optimized mu = -0.0685821417371  entropy = 0.0661027327165
    Total E(T) = -12251.2480063538  Free energy = -12251.2486673811  E0 = -12251.2483368674
cycle= 4 E= -12251.2480063538  delta_E= -1.07  |g|= 5.79  |ddm|= 1.96e+03
    sigma = 0.01  Optimized mu = -0.0520384605273  entropy = 0.00638444204692
    Total E(T) = -12251.6673247853  Free energy = -12251.6673886297  E0 = -12251.6673567075
cycle= 5 E= -12251.6673247853  delta_E= -0.419  |g|= 4.48  |ddm|=  697
    sigma = 0.01  Optimized mu = -0.144812610456  entropy = 9.05339811634
    Total E(T) = -12252.5411988209  Free energy = -12252.6317328021  E0 = -12252.5864658115
cycle= 6 E= -12252.5411988209  delta_E= -0.874  |g|= 3.23  |ddm|= 1.17e+03
    sigma = 0.01  Optimized mu = -0.090860172248  entropy = 2.57348107066
    Total E(T) = -12252.3806619237  Free energy = -12252.4063967344  E0 = -12252.3935293291
cycle= 7 E= -12252.3806619237  delta_E= 0.161  |g|= 3.71  |ddm|=  244
    sigma = 0.01  Optimized mu = -0.0605457853244  entropy = 0.0259494545776
    Total E(T) = -12252.3029596061  Free energy = -12252.3032191006  E0 = -12252.3030893534
cycle= 8 E= -12252.3029596061  delta_E= 0.0777  |g|= 3.92  |ddm|=  122
    sigma = 0.01  Optimized mu = -0.0595865167955  entropy = 0.00520796411161
    Total E(T) = -12252.2213769759  Free energy = -12252.2214290556  E0 = -12252.2214030158
cycle= 9 E= -12252.2213769759  delta_E= 0.0816  |g|=  4.2  |ddm|=  178
    sigma = 0.01  Optimized mu = -0.0595419486566  entropy = 0.00512747750937
    Total E(T) = -12252.1848877021  Free energy = -12252.1849389768  E0 = -12252.1849133394
cycle= 10 E= -12252.1848877021  delta_E= 0.0365  |g|= 4.22  |ddm|= 66.3
    sigma = 0.01  Optimized mu = -0.0605871741142  entropy = 0.0049651190575
    Total E(T) = -12252.3077651698  Free energy = -12252.3078148209  E0 = -12252.3077899953
cycle= 11 E= -12252.3077651698  delta_E= -0.123  |g|=  3.7  |ddm|=  238
    sigma = 0.01  Optimized mu = -0.0595666909888  entropy = 0.00453436829761
    Total E(T) = -12252.4319267928  Free energy = -12252.4319721364  E0 = -12252.4319494646
cycle= 12 E= -12252.4319267928  delta_E= -0.124  |g|= 3.59  |ddm|=  318
    sigma = 0.01  Optimized mu = -0.0596668305479  entropy = 0.0042057661591
    Total E(T) = -12252.5230383664  Free energy = -12252.5230804241  E0 = -12252.5230593953
cycle= 13 E= -12252.5230383664  delta_E= -0.0911  |g|= 3.38  |ddm|=  197
    sigma = 0.01  Optimized mu = -0.0600477374824  entropy = 0.00399307223881
    Total E(T) = -12252.5642239207  Free energy = -12252.5642638515  E0 = -12252.5642438861
cycle= 14 E= -12252.5642239207  delta_E= -0.0412  |g|= 3.19  |ddm|=  146
    sigma = 0.01  Optimized mu = -0.0601952656557  entropy = 0.00402669784059
    Total E(T) = -12252.6021048856  Free energy = -12252.6021451526  E0 = -12252.6021250191
cycle= 15 E= -12252.6021048856  delta_E= -0.0379  |g|= 3.03  |ddm|=  134
    sigma = 0.01  Optimized mu = -0.0607037504196  entropy = 0.00377980940974
    Total E(T) = -12252.6306906028  Free energy = -12252.6307284009  E0 = -12252.6307095018
cycle= 16 E= -12252.6306906028  delta_E= -0.0286  |g|=    3  |ddm|=  350
    sigma = 0.01  Optimized mu = -0.0446173456728  entropy = 0.0147222758672
    Total E(T) = -12252.7685867508  Free energy = -12252.7687339736  E0 = -12252.7686603622
cycle= 17 E= -12252.7685867508  delta_E= -0.138  |g|= 2.44  |ddm|=  616
    sigma = 0.01  Optimized mu = 0.0376743132546  entropy = 8.3488126512
    Total E(T) = -12251.0568822018  Free energy = -12251.1403703284  E0 = -12251.0986262651
cycle= 18 E= -12251.0568822018  delta_E= 1.71  |g|= 5.95  |ddm|= 1.55e+03
    sigma = 0.01  Optimized mu = -0.0373075295372  entropy = 3.52828418405
    Total E(T) = -12251.3222701903  Free energy = -12251.3575530321  E0 = -12251.3399116112
cycle= 19 E= -12251.3222701903  delta_E= -0.265  |g|= 5.56  |ddm|=  543
    sigma = 0.01  Optimized mu = -0.0658218424405  entropy = 0.885021750724
    Total E(T) = -12251.550574521  Free energy = -12251.5594247385  E0 = -12251.5549996297
cycle= 20 E= -12251.550574521  delta_E= -0.228  |g|= 4.99  |ddm|=  696
    sigma = 0.01  Optimized mu = -0.048907865156  entropy = 0.00729251283094
    Total E(T) = -12251.6692826555  Free energy = -12251.6693555806  E0 = -12251.669319118
cycle= 21 E= -12251.6692826555  delta_E= -0.119  |g|= 4.74  |ddm|=  283
    sigma = 0.01  Optimized mu = -0.0476203751474  entropy = 0.00447712400569
    Total E(T) = -12251.7098624988  Free energy = -12251.70990727  E0 = -12251.7098848844
cycle= 22 E= -12251.7098624988  delta_E= -0.0406  |g|= 4.72  |ddm|=  105
    sigma = 0.01  Optimized mu = -0.0491804080554  entropy = 0.00509910224288
    Total E(T) = -12251.7724781666  Free energy = -12251.7725291577  E0 = -12251.7725036621
cycle= 23 E= -12251.7724781666  delta_E= -0.0626  |g|= 4.54  |ddm|=  161
    sigma = 0.01  Optimized mu = -0.0487959617732  entropy = 0.0057780140346
    Total E(T) = -12251.8358843172  Free energy = -12251.8359420973  E0 = -12251.8359132072
cycle= 24 E= -12251.8358843172  delta_E= -0.0634  |g|= 4.24  |ddm|=  219
    sigma = 0.01  Optimized mu = -0.0549996994451  entropy = 0.0117472961488
    Total E(T) = -12251.8921964734  Free energy = -12251.8923139463  E0 = -12251.8922552099
cycle= 25 E= -12251.8921964734  delta_E= -0.0563  |g|= 4.12  |ddm|=  386
    sigma = 0.01  Optimized mu = -0.051174828907  entropy = 0.00751047290537
    Total E(T) = -12251.9094260196  Free energy = -12251.9095011243  E0 = -12251.909463572
cycle= 26 E= -12251.9094260196  delta_E= -0.0172  |g|= 4.24  |ddm|= 72.6
    sigma = 0.01  Optimized mu = -0.0757705136963  entropy = 0.0649153357158
    Total E(T) = -12252.060525471  Free energy = -12252.0611746243  E0 = -12252.0608500476
cycle= 27 E= -12252.060525471  delta_E= -0.151  |g|= 3.89  |ddm|=  197
    sigma = 0.01  Optimized mu = -0.0725437114212  entropy = 0.0489707051928
    Total E(T) = -12252.1971173438  Free energy = -12252.1976070509  E0 = -12252.1973621973
cycle= 28 E= -12252.1971173438  delta_E= -0.137  |g|= 3.64  |ddm|=  228
    sigma = 0.01  Optimized mu = -0.0883963778187  entropy = 0.17589961667
    Total E(T) = -12252.5503045114  Free energy = -12252.5520635076  E0 = -12252.5511840095
cycle= 29 E= -12252.5503045114  delta_E= -0.353  |g|= 2.75  |ddm|=  322
    sigma = 0.01  Optimized mu = -0.141846029364  entropy = 6.30782868662
    Total E(T) = -12251.6118859021  Free energy = -12251.674964189  E0 = -12251.6434250455
cycle= 30 E= -12251.6118859021  delta_E= 0.938  |g|=  5.8  |ddm|= 1.13e+03
    sigma = 0.01  Optimized mu = -0.109825206362  entropy = 3.01218700291
    Total E(T) = -12252.0169294181  Free energy = -12252.0470512882  E0 = -12252.0319903531
cycle= 31 E= -12252.0169294181  delta_E= -0.405  |g|= 4.47  |ddm|=  553
    sigma = 0.01  Optimized mu = -0.0698582620182  entropy = 0.120909796075
    Total E(T) = -12252.1405169732  Free energy = -12252.1417260711  E0 = -12252.1411215221
cycle= 32 E= -12252.1405169732  delta_E= -0.124  |g|= 4.32  |ddm|=  270
    sigma = 0.01  Optimized mu = -0.0608100018159  entropy = 0.00471188565629
    Total E(T) = -12252.2035507538  Free energy = -12252.2035978727  E0 = -12252.2035743132
cycle= 33 E= -12252.2035507538  delta_E= -0.063  |g|= 4.16  |ddm|=  107
    sigma = 0.01  Optimized mu = -0.0604406495844  entropy = 0.00451881149037
    Total E(T) = -12252.192482002  Free energy = -12252.1925271901  E0 = -12252.1925045961
cycle= 34 E= -12252.192482002  delta_E= 0.0111  |g|= 4.23  |ddm|=  300
    sigma = 0.01  Optimized mu = -0.0584629907839  entropy = 0.00461875478059
    Total E(T) = -12252.1977003386  Free energy = -12252.1977465261  E0 = -12252.1977234324
cycle= 35 E= -12252.1977003386  delta_E= -0.00522  |g|= 4.21  |ddm|=  182
    sigma = 0.01  Optimized mu = -0.0631152125031  entropy = 0.00489439130399
    Total E(T) = -12252.1726599958  Free energy = -12252.1727089397  E0 = -12252.1726844677
cycle= 36 E= -12252.1726599958  delta_E= 0.025  |g|= 4.37  |ddm|=  271
    sigma = 0.01  Optimized mu = -0.0634383677689  entropy = 0.00515984433432
    Total E(T) = -12252.3431253851  Free energy = -12252.3431769835  E0 = -12252.3431511843
cycle= 37 E= -12252.3431253851  delta_E= -0.17  |g|= 4.02  |ddm|=  863
    sigma = 0.01  Optimized mu = -0.0587819588759  entropy = 0.00419013332186
    Total E(T) = -12252.5031320071  Free energy = -12252.5031739084  E0 = -12252.5031529577
cycle= 38 E= -12252.5031320071  delta_E= -0.16  |g|= 3.44  |ddm|=  577
    sigma = 0.01  Optimized mu = -0.0645229951866  entropy = 0.00444733096556
    Total E(T) = -12252.5001533384  Free energy = -12252.5001978117  E0 = -12252.500175575
cycle= 39 E= -12252.5001533384  delta_E= 0.00298  |g|= 3.86  |ddm|=  601
    sigma = 0.01  Optimized mu = -0.0529720844681  entropy = 0.0120772453092
    Total E(T) = -12252.7492506409  Free energy = -12252.7493714133  E0 = -12252.7493110271
cycle= 40 E= -12252.7492506409  delta_E= -0.249  |g|= 2.55  |ddm|=  526
    sigma = 0.01  Optimized mu = -0.0556531753493  entropy = 0.00671341118236
    Total E(T) = -12252.8292101609  Free energy = -12252.829277295  E0 = -12252.8292437279
cycle= 41 E= -12252.8292101609  delta_E= -0.08  |g|= 2.36  |ddm|=  240
    sigma = 0.01  Optimized mu = 0.033271507246  entropy = 7.65043817158
    Total E(T) = -12250.6293804585  Free energy = -12250.7058848402  E0 = -12250.6676326494
cycle= 42 E= -12250.6293804585  delta_E=  2.2  |g|= 7.15  |ddm|= 1.26e+03
    sigma = 0.01  Optimized mu = -0.0120409771358  entropy = 3.37199779746
    Total E(T) = -12251.4280465399  Free energy = -12251.4617665179  E0 = -12251.4449065289
cycle= 43 E= -12251.4280465399  delta_E= -0.799  |g|= 5.44  |ddm|=  771
    sigma = 0.01  Optimized mu = -0.0285769279728  entropy = 0.5534163484
    Total E(T) = -12251.7879913398  Free energy = -12251.7935255033  E0 = -12251.7907584216
cycle= 44 E= -12251.7879913398  delta_E= -0.36  |g|= 4.41  |ddm|=  546
    sigma = 0.01  Optimized mu = -0.0534914148316  entropy = 0.0121903383034
    Total E(T) = -12252.0143832199  Free energy = -12252.0145051233  E0 = -12252.0144441716
cycle= 45 E= -12252.0143832199  delta_E= -0.226  |g|= 3.96  |ddm|=  274
    sigma = 0.01  Optimized mu = -0.0535421424379  entropy = 0.00829885716504
    Total E(T) = -12252.1514706637  Free energy = -12252.1515536522  E0 = -12252.151512158
cycle= 46 E= -12252.1514706637  delta_E= -0.137  |g|= 3.73  |ddm|=  176
    sigma = 0.01  Optimized mu = -0.0493770830638  entropy = 0.00533155748861
    Total E(T) = -12252.1537513465  Free energy = -12252.153804662  E0 = -12252.1537780042
cycle= 47 E= -12252.1537513465  delta_E= -0.00228  |g|= 3.87  |ddm|=  184
    sigma = 0.01  Optimized mu = -0.0521663467955  entropy = 0.00578710923013
    Total E(T) = -12252.2009600826  Free energy = -12252.2010179537  E0 = -12252.2009890181
cycle= 48 E= -12252.2009600826  delta_E= -0.0472  |g|= 3.73  |ddm|=  177
    sigma = 0.01  Optimized mu = -0.0605824110736  entropy = 0.0156044308146
    Total E(T) = -12252.393404945  Free energy = -12252.3935609894  E0 = -12252.3934829672
cycle= 49 E= -12252.393404945  delta_E= -0.192  |g|= 3.35  |ddm|=  315
    sigma = 0.01  Optimized mu = -0.0797374015592  entropy = 0.0714241537795
    Total E(T) = -12252.752545352  Free energy = -12252.7532595936  E0 = -12252.7529024728
cycle= 50 E= -12252.752545352  delta_E= -0.359  |g|=  2.4  |ddm|=  299
    sigma = 0.01  Optimized mu = -0.0559184606327  entropy = 0.00644876133611
    Total E(T) = -12252.8122184658  Free energy = -12252.8122829534  E0 = -12252.8122507096
cycle= 51 E= -12252.8122184658  delta_E= -0.0597  |g|= 2.22  |ddm|=  532
    sigma = 0.01  Optimized mu = -0.0803601945302  entropy = 0.0484912287926
    Total E(T) = -12253.0599750668  Free energy = -12253.0604599791  E0 = -12253.0602175229
cycle= 52 E= -12253.0599750668  delta_E= -0.248  |g|=  1.4  |ddm|=  345
    sigma = 0.01  Optimized mu = -0.0708528871653  entropy = 0.016889237149
    Total E(T) = -12253.1606059409  Free energy = -12253.1607748333  E0 = -12253.1606903871
cycle= 53 E= -12253.1606059409  delta_E= -0.101  |g|= 1.04  |ddm|=  214
    sigma = 0.01  Optimized mu = -0.0824216414422  entropy = 0.0312354343486
    Total E(T) = -12253.2412522779  Free energy = -12253.2415646322  E0 = -12253.2414084551
cycle= 54 E= -12253.2412522779  delta_E= -0.0806  |g|= 0.342  |ddm|=  273
    sigma = 0.01  Optimized mu = -0.0793201140978  entropy = 0.0304773653735
    Total E(T) = -12253.2575727141  Free energy = -12253.2578774878  E0 = -12253.257725101
cycle= 55 E= -12253.2575727141  delta_E= -0.0163  |g|= 0.349  |ddm|=  308
    sigma = 0.01  Optimized mu = -0.0733366881993  entropy = 0.0151332442176
    Total E(T) = -12253.2566508872  Free energy = -12253.2568022196  E0 = -12253.2567265534
cycle= 56 E= -12253.2566508872  delta_E= 0.000922  |g|= 0.478  |ddm|=  103
    sigma = 0.01  Optimized mu = -0.0677175779937  entropy = 0.00883083813868
    Total E(T) = -12253.2503197571  Free energy = -12253.2504080655  E0 = -12253.2503639113
cycle= 57 E= -12253.2503197571  delta_E= 0.00633  |g|= 0.581  |ddm|= 79.4
    sigma = 0.01  Optimized mu = -0.0640415347357  entropy = 0.0062635473493
    Total E(T) = -12253.244160441  Free energy = -12253.2442230765  E0 = -12253.2441917587
cycle= 58 E= -12253.244160441  delta_E= 0.00616  |g|= 0.666  |ddm|= 74.6
    sigma = 0.01  Optimized mu = -0.0676822443214  entropy = 0.00831414694988
    Total E(T) = -12253.2129129671  Free energy = -12253.2129961085  E0 = -12253.2129545378
cycle= 59 E= -12253.2129129671  delta_E= 0.0312  |g|=    1  |ddm|= 53.4
    sigma = 0.01  Optimized mu = -0.0642622124294  entropy = 0.00624394833226
    Total E(T) = -12253.1839736884  Free energy = -12253.1840361279  E0 = -12253.1840049081
cycle= 60 E= -12253.1839736884  delta_E= 0.0289  |g|=  1.2  |ddm|= 37.6
    sigma = 0.01  Optimized mu = -0.0610992594305  entropy = 0.00437588895981
    Total E(T) = -12253.1887493263  Free energy = -12253.1887930851  E0 = -12253.1887712057
cycle= 61 E= -12253.1887493263  delta_E= -0.00478  |g|= 1.14  |ddm|=  160
    sigma = 0.01  Optimized mu = -0.0585523086162  entropy = 0.00390384530627
    Total E(T) = -12253.2059475033  Free energy = -12253.2059865417  E0 = -12253.2059670225
cycle= 62 E= -12253.2059475033  delta_E= -0.0172  |g|= 0.978  |ddm|=  111
    sigma = 0.01  Optimized mu = -0.0575576718629  entropy = 0.00376765834165
    Total E(T) = -12253.2227229519  Free energy = -12253.2227606285  E0 = -12253.2227417902
cycle= 63 E= -12253.2227229519  delta_E= -0.0168  |g|= 0.812  |ddm|= 60.4
    sigma = 0.01  Optimized mu = -0.0568024047954  entropy = 0.00364883059609
    Total E(T) = -12253.2369313574  Free energy = -12253.2369678457  E0 = -12253.2369496016
cycle= 64 E= -12253.2369313574  delta_E= -0.0142  |g|= 0.691  |ddm|= 57.4
    sigma = 0.01  Optimized mu = -0.0571651251868  entropy = 0.00362906648642
    Total E(T) = -12253.2446278129  Free energy = -12253.2446641036  E0 = -12253.2446459583
cycle= 65 E= -12253.2446278129  delta_E= -0.0077  |g|= 0.627  |ddm|= 28.9
    sigma = 0.01  Optimized mu = -0.05647621125  entropy = 0.00355560359969
    Total E(T) = -12253.2531141653  Free energy = -12253.2531497214  E0 = -12253.2531319433
cycle= 66 E= -12253.2531141653  delta_E= -0.00849  |g|= 0.526  |ddm|= 24.4
    sigma = 0.01  Optimized mu = -0.0564229342095  entropy = 0.00352194614476
    Total E(T) = -12253.2617375317  Free energy = -12253.2617727512  E0 = -12253.2617551414
cycle= 67 E= -12253.2617375317  delta_E= -0.00862  |g|= 0.404  |ddm|= 74.5
    sigma = 0.01  Optimized mu = -0.0559423643535  entropy = 0.00346892779113
    Total E(T) = -12253.2689375497  Free energy = -12253.2689722389  E0 = -12253.2689548943
cycle= 68 E= -12253.2689375497  delta_E= -0.0072  |g|= 0.275  |ddm|= 41.1
    sigma = 0.01  Optimized mu = -0.0560040024349  entropy = 0.00337787670658
    Total E(T) = -12253.2732034577  Free energy = -12253.2732372365  E0 = -12253.2732203471
cycle= 69 E= -12253.2732034577  delta_E= -0.00427  |g|= 0.172  |ddm|= 48.5
    sigma = 0.01  Optimized mu = -0.0559552399733  entropy = 0.00336831094749
    Total E(T) = -12253.2754509288  Free energy = -12253.2754846119  E0 = -12253.2754677703
cycle= 70 E= -12253.2754509288  delta_E= -0.00225  |g|= 0.102  |ddm|= 19.8
    sigma = 0.01  Optimized mu = -0.0559387751961  entropy = 0.00334107961202
    Total E(T) = -12253.2766891506  Free energy = -12253.2767225614  E0 = -12253.276705856
cycle= 71 E= -12253.2766891506  delta_E= -0.00124  |g|= 0.0621  |ddm|= 19.4
    sigma = 0.01  Optimized mu = -0.0559794809652  entropy = 0.00332636904435
    Total E(T) = -12253.2774105939  Free energy = -12253.2774438576  E0 = -12253.2774272258
cycle= 72 E= -12253.2774105939  delta_E= -0.000721  |g|= 0.0384  |ddm|= 15.7
    sigma = 0.01  Optimized mu = -0.0561012268884  entropy = 0.00332100457242
    Total E(T) = -12253.2779011401  Free energy = -12253.2779343501  E0 = -12253.2779177451
cycle= 73 E= -12253.2779011401  delta_E= -0.000491  |g|= 0.0176  |ddm|=   15
    sigma = 0.01  Optimized mu = -0.0563007178178  entropy = 0.00332441669101
    Total E(T) = -12253.2782700475  Free energy = -12253.2783032917  E0 = -12253.2782866696
cycle= 74 E= -12253.2782700475  delta_E= -0.000369  |g|= 0.0215  |ddm|= 18.6
    sigma = 0.01  Optimized mu = -0.0563742815559  entropy = 0.00332386237071
    Total E(T) = -12253.2785871944  Free energy = -12253.278620433  E0 = -12253.2786038137
cycle= 75 E= -12253.2785871944  delta_E= -0.000317  |g|= 0.0317  |ddm|= 26.2
    sigma = 0.01  Optimized mu = -0.0563515845354  entropy = 0.00331005335785
    Total E(T) = -12253.2788840806  Free energy = -12253.2789171812  E0 = -12253.2789006309
cycle= 76 E= -12253.2788840806  delta_E= -0.000297  |g|= 0.0297  |ddm|= 11.8
    sigma = 0.01  Optimized mu = -0.056340529666  entropy = 0.00329723438885
    Total E(T) = -12253.2791785926  Free energy = -12253.279211565  E0 = -12253.2791950788
cycle= 77 E= -12253.2791785926  delta_E= -0.000295  |g|= 0.027  |ddm|= 11.7
    sigma = 0.01  Optimized mu = -0.0563420720714  entropy = 0.00328862973218
    Total E(T) = -12253.2794656461  Free energy = -12253.2794985324  E0 = -12253.2794820893
cycle= 78 E= -12253.2794656461  delta_E= -0.000287  |g|= 0.0252  |ddm|= 12.1
    sigma = 0.01  Optimized mu = -0.056290716038  entropy = 0.00327183357366
    Total E(T) = -12253.2797707431  Free energy = -12253.2798034614  E0 = -12253.2797871022
cycle= 79 E= -12253.2797707431  delta_E= -0.000305  |g|= 0.0199  |ddm|=   11
    sigma = 0.01  Optimized mu = -0.0562947975813  entropy = 0.00325843496342
    Total E(T) = -12253.2800618363  Free energy = -12253.2800944207  E0 = -12253.2800781285
cycle= 80 E= -12253.2800618363  delta_E= -0.000291  |g|= 0.0139  |ddm|= 10.4
    sigma = 0.01  Optimized mu = -0.0562589039485  entropy = 0.00324990684661
    Total E(T) = -12253.2803454863  Free energy = -12253.2803779854  E0 = -12253.2803617358
cycle= 81 E= -12253.2803454863  delta_E= -0.000284  |g|= 0.00999  |ddm|= 10.5
    sigma = 0.01  Optimized mu = -0.0562778367908  entropy = 0.00324359143191
    Total E(T) = -12253.2806178698  Free energy = -12253.2806503057  E0 = -12253.2806340878
cycle= 82 E= -12253.2806178698  delta_E= -0.000272  |g|= 0.00745  |ddm|= 9.36
    sigma = 0.01  Optimized mu = -0.0562991093749  entropy = 0.00323768164353
    Total E(T) = -12253.2808563582  Free energy = -12253.280888735  E0 = -12253.2808725466
cycle= 83 E= -12253.2808563582  delta_E= -0.000238  |g|= 0.00871  |ddm|= 7.82
    sigma = 0.01  Optimized mu = -0.0562927516086  entropy = 0.00322818806327
    Total E(T) = -12253.2811024524  Free energy = -12253.2811347343  E0 = -12253.2811185934
cycle= 84 E= -12253.2811024524  delta_E= -0.000246  |g|= 0.00862  |ddm|= 8.46
    sigma = 0.01  Optimized mu = -0.0562915667574  entropy = 0.00322444899248
    Total E(T) = -12253.2813362325  Free energy = -12253.281368477  E0 = -12253.2813523547
cycle= 85 E= -12253.2813362325  delta_E= -0.000234  |g|= 0.0106  |ddm|= 7.81
    sigma = 0.01  Optimized mu = -0.0562848731053  entropy = 0.00321628020073
    Total E(T) = -12253.2815562856  Free energy = -12253.2815884484  E0 = -12253.281572367
cycle= 86 E= -12253.2815562856  delta_E= -0.00022  |g|= 0.0142  |ddm|= 7.16
    sigma = 0.01  Optimized mu = -0.0562563216154  entropy = 0.00320356456256
    Total E(T) = -12253.2817141857  Free energy = -12253.2817462214  E0 = -12253.2817302035
cycle= 87 E= -12253.2817141857  delta_E= -0.000158  |g|= 0.025  |ddm|= 6.46
    sigma = 0.01  Optimized mu = -0.0562537605546  entropy = 0.00319761570267
    Total E(T) = -12253.2818352848  Free energy = -12253.281867261  E0 = -12253.2818512729
cycle= 88 E= -12253.2818352848  delta_E= -0.000121  |g|= 0.0356  |ddm|=  5.3
    sigma = 0.01  Optimized mu = -0.0562473867936  entropy = 0.00319553826621
    Total E(T) = -12253.2819392723  Free energy = -12253.2819712277  E0 = -12253.28195525
cycle= 89 E= -12253.2819392723  delta_E= -0.000104  |g|= 0.042  |ddm|= 4.46
    sigma = 0.01  Optimized mu = -0.0562609132544  entropy = 0.00319888279739
    Total E(T) = -12253.2819953594  Free energy = -12253.2820273482  E0 = -12253.2820113538
cycle= 90 E= -12253.2819953594  delta_E= -5.61e-05  |g|= 0.0499  |ddm|= 4.32
    sigma = 0.01  Optimized mu = -0.0562403187278  entropy = 0.00319727824788
    Total E(T) = -12253.282044025  Free energy = -12253.2820759978  E0 = -12253.2820600114
cycle= 91 E= -12253.282044025  delta_E= -4.87e-05  |g|= 0.0566  |ddm|= 3.56
    sigma = 0.01  Optimized mu = -0.056262740531  entropy = 0.00319733000816
    Total E(T) = -12253.2821284187  Free energy = -12253.282160392  E0 = -12253.2821444053
cycle= 92 E= -12253.2821284187  delta_E= -8.44e-05  |g|= 0.058  |ddm|= 3.97
    sigma = 0.01  Optimized mu = -0.0562986740261  entropy = 0.00320739954433
    Total E(T) = -12253.2821947046  Free energy = -12253.2822267786  E0 = -12253.2822107416
cycle= 93 E= -12253.2821947046  delta_E= -6.63e-05  |g|= 0.0599  |ddm|= 4.01
    sigma = 0.01  Optimized mu = -0.0563015863603  entropy = 0.00320148255988
    Total E(T) = -12253.282271768  Free energy = -12253.2823037828  E0 = -12253.2822877754
cycle= 94 E= -12253.282271768  delta_E= -7.71e-05  |g|= 0.061  |ddm|= 3.83
    sigma = 0.01  Optimized mu = -0.0562515914997  entropy = 0.00317346195181
    Total E(T) = -12253.2824029596  Free energy = -12253.2824346942  E0 = -12253.2824188269
cycle= 95 E= -12253.2824029596  delta_E= -0.000131  |g|= 0.0612  |ddm|= 5.65
    sigma = 0.01  Optimized mu = -0.0562904571177  entropy = 0.00318801450374
    Total E(T) = -12253.2825649961  Free energy = -12253.2825968763  E0 = -12253.2825809362
cycle= 96 E= -12253.2825649961  delta_E= -0.000162  |g|= 0.0548  |ddm|= 8.06
    sigma = 0.01  Optimized mu = -0.0563354822304  entropy = 0.00318914046457
    Total E(T) = -12253.2827274248  Free energy = -12253.2827593162  E0 = -12253.2827433705
cycle= 97 E= -12253.2827274248  delta_E= -0.000162  |g|= 0.051  |ddm|= 6.36
    sigma = 0.01  Optimized mu = -0.0562866074624  entropy = 0.00316584691953
    Total E(T) = -12253.282843689  Free energy = -12253.2828753474  E0 = -12253.2828595182
cycle= 98 E= -12253.282843689  delta_E= -0.000116  |g|= 0.0598  |ddm|= 5.41
    sigma = 0.01  Optimized mu = -0.0563154292231  entropy = 0.00316739145426
    Total E(T) = -12253.2830638549  Free energy = -12253.2830955289  E0 = -12253.2830796919
cycle= 99 E= -12253.2830638549  delta_E= -0.00022  |g|= 0.0506  |ddm|= 9.07
    sigma = 0.01  Optimized mu = -0.0563015309793  entropy = 0.00315589118564
    Total E(T) = -12253.2832457415  Free energy = -12253.2832773004  E0 = -12253.2832615209
cycle= 100 E= -12253.2832457415  delta_E= -0.000182  |g|= 0.0501  |ddm|= 6.33
    sigma = 0.01  Optimized mu = -0.0563461519279  entropy = 0.00315665064446
    Total E(T) = -12253.2835680961  Free energy = -12253.2835996626  E0 = -12253.2835838793
cycle= 101 E= -12253.2835680961  delta_E= -0.000322  |g|= 0.0376  |ddm|=   16
    sigma = 0.01  Optimized mu = -0.0563558329395  entropy = 0.00314828262212
    Total E(T) = -12253.2838476135  Free energy = -12253.2838790963  E0 = -12253.2838633549
cycle= 102 E= -12253.2838476135  delta_E= -0.00028  |g|= 0.0287  |ddm|= 10.1
    sigma = 0.01  Optimized mu = -0.0563547348083  entropy = 0.00315341192327
    Total E(T) = -12253.2842144322  Free energy = -12253.2842459664  E0 = -12253.2842301993
cycle= 103 E= -12253.2842144322  delta_E= -0.000367  |g|= 0.0228  |ddm|= 23.5
    sigma = 0.01  Optimized mu = -0.056365813127  entropy = 0.00313651079006
    Total E(T) = -12253.2844964999  Free energy = -12253.284527865  E0 = -12253.2845121824
cycle= 104 E= -12253.2844964999  delta_E= -0.000282  |g|= 0.0122  |ddm|= 9.93
    sigma = 0.01  Optimized mu = -0.0563728974421  entropy = 0.00312513413531
    Total E(T) = -12253.2847382916  Free energy = -12253.284769543  E0 = -12253.2847539173
cycle= 105 E= -12253.2847382916  delta_E= -0.000242  |g|= 0.0113  |ddm|= 8.77
    sigma = 0.01  Optimized mu = -0.0563127036188  entropy = 0.00310961503446
    Total E(T) = -12253.2849947847  Free energy = -12253.2850258809  E0 = -12253.2850103328
cycle= 106 E= -12253.2849947847  delta_E= -0.000256  |g|= 0.00875  |ddm|= 8.77
    sigma = 0.01  Optimized mu = -0.0563298633905  entropy = 0.00310119549626
    Total E(T) = -12253.2852522686  Free energy = -12253.2852832806  E0 = -12253.2852677746
cycle= 107 E= -12253.2852522686  delta_E= -0.000257  |g|= 0.00755  |ddm|= 8.94
    sigma = 0.01  Optimized mu = -0.0563033733355  entropy = 0.00308500187987
    Total E(T) = -12253.2855497246  Free energy = -12253.2855805747  E0 = -12253.2855651497
cycle= 108 E= -12253.2855497246  delta_E= -0.000297  |g|= 0.00921  |ddm|= 11.1
    sigma = 0.01  Optimized mu = -0.0562217314575  entropy = 0.00306282803501
    Total E(T) = -12253.2859136695  Free energy = -12253.2859442978  E0 = -12253.2859289837
cycle= 109 E= -12253.2859136695  delta_E= -0.000364  |g|= 0.0167  |ddm|= 15.4
    sigma = 0.01  Optimized mu = -0.0562200309036  entropy = 0.00304239135939
    Total E(T) = -12253.2862791024  Free energy = -12253.2863095263  E0 = -12253.2862943143
cycle= 110 E= -12253.2862791024  delta_E= -0.000365  |g|= 0.0234  |ddm|= 14.3
    sigma = 0.01  Optimized mu = -0.0562837238339  entropy = 0.00305115477623
    Total E(T) = -12253.2865326469  Free energy = -12253.2865631584  E0 = -12253.2865479027
cycle= 111 E= -12253.2865326469  delta_E= -0.000254  |g|= 0.0159  |ddm|= 9.27
    sigma = 0.01  Optimized mu = -0.056332939859  entropy = 0.00303650144141
    Total E(T) = -12253.2868221066  Free energy = -12253.2868524716  E0 = -12253.2868372891
cycle= 112 E= -12253.2868221066  delta_E= -0.000289  |g|= 0.0152  |ddm|= 12.4
    sigma = 0.01  Optimized mu = -0.056279387262  entropy = 0.00300799480632
    Total E(T) = -12253.2871885433  Free energy = -12253.2872186232  E0 = -12253.2872035832
cycle= 113 E= -12253.2871885433  delta_E= -0.000366  |g|= 0.0334  |ddm|=   25
    sigma = 0.01  Optimized mu = -0.0563501142631  entropy = 0.00301068880608
    Total E(T) = -12253.2875220881  Free energy = -12253.287552195  E0 = -12253.2875371415
cycle= 114 E= -12253.2875220881  delta_E= -0.000334  |g|= 0.0337  |ddm|= 14.4
    sigma = 0.01  Optimized mu = -0.0565028649862  entropy = 0.00307214247709
    Total E(T) = -12253.2877530134  Free energy = -12253.2877837348  E0 = -12253.2877683741
cycle= 115 E= -12253.2877530134  delta_E= -0.000231  |g|= 0.0246  |ddm|= 11.7
    sigma = 0.01  Optimized mu = -0.0565429533417  entropy = 0.00305908720169
    Total E(T) = -12253.2880710347  Free energy = -12253.2881016255  E0 = -12253.2880863301
cycle= 116 E= -12253.2880710347  delta_E= -0.000318  |g|= 0.0462  |ddm|= 34.6
    sigma = 0.01  Optimized mu = -0.0565465000618  entropy = 0.00304157779421
    Total E(T) = -12253.2883447697  Free energy = -12253.2883751855  E0 = -12253.2883599776
cycle= 117 E= -12253.2883447697  delta_E= -0.000274  |g|= 0.036  |ddm|= 10.2
    sigma = 0.01  Optimized mu = -0.0565117767181  entropy = 0.00302498468813
    Total E(T) = -12253.2885958195  Free energy = -12253.2886260693  E0 = -12253.2886109444
cycle= 118 E= -12253.2885958195  delta_E= -0.000251  |g|= 0.0383  |ddm|=   12
    sigma = 0.01  Optimized mu = -0.056420617034  entropy = 0.00299808668321
    Total E(T) = -12253.2888517935  Free energy = -12253.2888817744  E0 = -12253.288866784
cycle= 119 E= -12253.2888517935  delta_E= -0.000256  |g|= 0.04  |ddm|= 12.3
    sigma = 0.01  Optimized mu = -0.0564082088016  entropy = 0.0029771782072
    Total E(T) = -12253.2891035526  Free energy = -12253.2891333244  E0 = -12253.2891184385
cycle= 120 E= -12253.2891035526  delta_E= -0.000252  |g|= 0.0417  |ddm|= 14.5
    sigma = 0.01  Optimized mu = -0.0563921553871  entropy = 0.0029831872678
    Total E(T) = -12253.2893608313  Free energy = -12253.2893906632  E0 = -12253.2893757472
cycle= 121 E= -12253.2893608313  delta_E= -0.000257  |g|= 0.0355  |ddm|= 11.1
    sigma = 0.01  Optimized mu = -0.0563692436099  entropy = 0.00297390912966
    Total E(T) = -12253.2895954182  Free energy = -12253.2896251573  E0 = -12253.2896102878
cycle= 122 E= -12253.2895954182  delta_E= -0.000235  |g|= 0.0357  |ddm|= 13.3
    sigma = 0.01  Optimized mu = -0.0562464300256  entropy = 0.00298309046096
    Total E(T) = -12253.2898079178  Free energy = -12253.2898377487  E0 = -12253.2898228333
cycle= 123 E= -12253.2898079178  delta_E= -0.000212  |g|= 0.0281  |ddm|= 14.1
    sigma = 0.01  Optimized mu = -0.0563247653808  entropy = 0.00297899977538
    Total E(T) = -12253.2899771337  Free energy = -12253.2900069237  E0 = -12253.2899920287
cycle= 124 E= -12253.2899771337  delta_E= -0.000169  |g|= 0.0215  |ddm|= 8.94
    sigma = 0.01  Optimized mu = -0.0563504840931  entropy = 0.00298093596895
    Total E(T) = -12253.2901303346  Free energy = -12253.290160144  E0 = -12253.2901452393
cycle= 125 E= -12253.2901303346  delta_E= -0.000153  |g|= 0.0229  |ddm|= 12.1
    sigma = 0.01  Optimized mu = -0.0563999273374  entropy = 0.00298797315616
    Total E(T) = -12253.2902638181  Free energy = -12253.2902936978  E0 = -12253.290278758
cycle= 126 E= -12253.2902638181  delta_E= -0.000133  |g|= 0.0231  |ddm|= 7.34
    sigma = 0.01  Optimized mu = -0.0564865945065  entropy = 0.00302547951031
    Total E(T) = -12253.2903425417  Free energy = -12253.2903727964  E0 = -12253.290357669
cycle= 127 E= -12253.2903425417  delta_E= -7.87e-05  |g|= 0.0144  |ddm|= 8.62
    sigma = 0.01  Optimized mu = -0.0563860008558  entropy = 0.00299785661009
    Total E(T) = -12253.2904231836  Free energy = -12253.2904531622  E0 = -12253.2904381729
cycle= 128 E= -12253.2904231836  delta_E= -8.06e-05  |g|= 0.0148  |ddm|= 5.87
    sigma = 0.01  Optimized mu = -0.0564899771737  entropy = 0.00304362729939
    Total E(T) = -12253.2904412349  Free energy = -12253.2904716712  E0 = -12253.2904564531
cycle= 129 E= -12253.2904412349  delta_E= -1.81e-05  |g|= 0.0158  |ddm|= 7.48
    sigma = 0.01  Optimized mu = -0.0564668878596  entropy = 0.00303851866182
    Total E(T) = -12253.2904601134  Free energy = -12253.2904904985  E0 = -12253.2904753059
cycle= 130 E= -12253.2904601134  delta_E= -1.89e-05  |g|= 0.0174  |ddm|= 3.39
    sigma = 0.01  Optimized mu = -0.0564507670573  entropy = 0.00301767651238
    Total E(T) = -12253.2905103115  Free energy = -12253.2905404883  E0 = -12253.2905253999
cycle= 131 E= -12253.2905103115  delta_E= -5.02e-05  |g|= 0.0173  |ddm|= 4.88
    sigma = 0.01  Optimized mu = -0.0564175170531  entropy = 0.00301687683473
    Total E(T) = -12253.2905469811  Free energy = -12253.2905771498  E0 = -12253.2905620654
cycle= 132 E= -12253.2905469811  delta_E= -3.67e-05  |g|= 0.0174  |ddm|= 1.99
    sigma = 0.01  Optimized mu = -0.0564320349208  entropy = 0.00301932851315
    Total E(T) = -12253.2905775048  Free energy = -12253.2906076981  E0 = -12253.2905926015
cycle= 133 E= -12253.2905775048  delta_E= -3.05e-05  |g|= 0.0181  |ddm|= 2.93
    sigma = 0.01  Optimized mu = -0.0564585531808  entropy = 0.00302750346583
    Total E(T) = -12253.2906072471  Free energy = -12253.2906375222  E0 = -12253.2906223847
cycle= 134 E= -12253.2906072471  delta_E= -2.97e-05  |g|= 0.0187  |ddm|=  4.3
    sigma = 0.01  Optimized mu = -0.0564594797681  entropy = 0.00302554683325
    Total E(T) = -12253.2906344469  Free energy = -12253.2906647024  E0 = -12253.2906495746
cycle= 135 E= -12253.2906344469  delta_E= -2.72e-05  |g|= 0.018  |ddm|= 2.07
    sigma = 0.01  Optimized mu = -0.0564642934047  entropy = 0.00302459444003
    Total E(T) = -12253.2906477767  Free energy = -12253.2906780226  E0 = -12253.2906628997
cycle= 136 E= -12253.2906477767  delta_E= -1.33e-05  |g|= 0.0194  |ddm|= 1.22
    sigma = 0.01  Optimized mu = -0.0564593073685  entropy = 0.00302384212777
    Total E(T) = -12253.2906588887  Free energy = -12253.2906891271  E0 = -12253.2906740079
cycle= 137 E= -12253.2906588887  delta_E= -1.11e-05  |g|= 0.02  |ddm|=  0.9
    sigma = 0.01  Optimized mu = -0.0564546676042  entropy = 0.00302445087994
    Total E(T) = -12253.2906812713  Free energy = -12253.2907115158  E0 = -12253.2906963935
cycle= 138 E= -12253.2906812713  delta_E= -2.24e-05  |g|= 0.023  |ddm|= 5.05
    sigma = 0.01  Optimized mu = -0.0564799148614  entropy = 0.00303124433592
    Total E(T) = -12253.2907079368  Free energy = -12253.2907382492  E0 = -12253.290723093
cycle= 139 E= -12253.2907079368  delta_E= -2.67e-05  |g|= 0.0185  |ddm|= 3.81
    sigma = 0.01  Optimized mu = -0.0564506955165  entropy = 0.00302707724378
    Total E(T) = -12253.2907402883  Free energy = -12253.2907705591  E0 = -12253.2907554237
cycle= 140 E= -12253.2907402883  delta_E= -3.24e-05  |g|= 0.0193  |ddm|= 2.59
    sigma = 0.01  Optimized mu = -0.0565021968867  entropy = 0.00303470357891
    Total E(T) = -12253.2907713166  Free energy = -12253.2908016637  E0 = -12253.2907864902
cycle= 141 E= -12253.2907713166  delta_E= -3.1e-05  |g|= 0.0267  |ddm|= 5.19
    sigma = 0.01  Optimized mu = -0.0564674571329  entropy = 0.00302911391379
    Total E(T) = -12253.29081165  Free energy = -12253.2908419411  E0 = -12253.2908267956
cycle= 142 E= -12253.29081165  delta_E= -4.03e-05  |g|= 0.0223  |ddm|= 4.72
    sigma = 0.01  Optimized mu = -0.056441651739  entropy = 0.00302806190388
    Total E(T) = -12253.2908782335  Free energy = -12253.2909085141  E0 = -12253.2908933738
cycle= 143 E= -12253.2908782335  delta_E= -6.66e-05  |g|= 0.0212  |ddm|= 3.38
    sigma = 0.01  Optimized mu = -0.0564600915967  entropy = 0.00302951601331
    Total E(T) = -12253.2909277844  Free energy = -12253.2909580795  E0 = -12253.2909429319
cycle= 144 E= -12253.2909277844  delta_E= -4.96e-05  |g|= 0.0215  |ddm|= 2.38
    sigma = 0.01  Optimized mu = -0.0565010852253  entropy = 0.00303425301696
    Total E(T) = -12253.2909661094  Free energy = -12253.290996452  E0 = -12253.2909812807
cycle= 145 E= -12253.2909661094  delta_E= -3.83e-05  |g|= 0.0304  |ddm|= 10.8
    sigma = 0.01  Optimized mu = -0.0565085686455  entropy = 0.0030294521933
    Total E(T) = -12253.2910057071  Free energy = -12253.2910360017  E0 = -12253.2910208544
cycle= 146 E= -12253.2910057071  delta_E= -3.96e-05  |g|= 0.0285  |ddm|= 7.11
    sigma = 0.01  Optimized mu = -0.0565032795958  entropy = 0.00303160103483
    Total E(T) = -12253.2910422297  Free energy = -12253.2910725457  E0 = -12253.2910573877
cycle= 147 E= -12253.2910422297  delta_E= -3.65e-05  |g|= 0.024  |ddm|= 3.45
    sigma = 0.01  Optimized mu = -0.0564970944889  entropy = 0.00303188284783
    Total E(T) = -12253.2910698276  Free energy = -12253.2911001464  E0 = -12253.291084987
cycle= 148 E= -12253.2910698276  delta_E= -2.76e-05  |g|= 0.0244  |ddm|= 2.26
    sigma = 0.01  Optimized mu = -0.0562336241694  entropy = 0.00301612639718
    Total E(T) = -12253.2910938859  Free energy = -12253.2911240472  E0 = -12253.2911089666
cycle= 149 E= -12253.2910938859  delta_E= -2.41e-05  |g|= 0.0359  |ddm|= 11.6
    sigma = 0.01  Optimized mu = -0.0564522167542  entropy = 0.0030167436089
    Total E(T) = -12253.2911426242  Free energy = -12253.2911727917  E0 = -12253.291157708
cycle= 150 E= -12253.2911426242  delta_E= -4.87e-05  |g|= 0.0285  |ddm|= 9.48
    sigma = 0.01  Optimized mu = -0.0564368406711  entropy = 0.00301623127853
    Total E(T) = -12253.2911797353  Free energy = -12253.2912098976  E0 = -12253.2911948164
cycle= 151 E= -12253.2911797353  delta_E= -3.71e-05  |g|= 0.0263  |ddm|= 2.72
    sigma = 0.01  Optimized mu = -0.056437908837  entropy = 0.00301502571168
    Total E(T) = -12253.2912175018  Free energy = -12253.2912476521  E0 = -12253.291232577
cycle= 152 E= -12253.2912175018  delta_E= -3.78e-05  |g|= 0.0282  |ddm|= 4.52
    sigma = 0.01  Optimized mu = -0.0564187141253  entropy = 0.00300163591647
    Total E(T) = -12253.2912854061  Free energy = -12253.2913154225  E0 = -12253.2913004143
cycle= 153 E= -12253.2912854061  delta_E= -6.79e-05  |g|= 0.0273  |ddm|= 7.61
    sigma = 0.01  Optimized mu = -0.0564404942699  entropy = 0.00301415021183
    Total E(T) = -12253.2913607938  Free energy = -12253.2913909353  E0 = -12253.2913758645
cycle= 154 E= -12253.2913607938  delta_E= -7.54e-05  |g|= 0.0316  |ddm|=  6.4
    sigma = 0.01  Optimized mu = -0.0564024694003  entropy = 0.00301273101585
    Total E(T) = -12253.2914310861  Free energy = -12253.2914612134  E0 = -12253.2914461498
cycle= 155 E= -12253.2914310861  delta_E= -7.03e-05  |g|= 0.029  |ddm|= 3.33
    sigma = 0.01  Optimized mu = -0.0562737648009  entropy = 0.00299626329881
    Total E(T) = -12253.2913667568  Free energy = -12253.2913967195  E0 = -12253.2913817381
cycle= 156 E= -12253.2913667568  delta_E= 6.43e-05  |g|= 0.0373  |ddm|= 7.78
    sigma = 0.01  Optimized mu = -0.0560088488571  entropy = 0.00296441655162
    Total E(T) = -12253.2912590179  Free energy = -12253.291288662  E0 = -12253.2912738399
cycle= 157 E= -12253.2912590179  delta_E= 0.000108  |g|= 0.0628  |ddm|= 16.5
    sigma = 0.01  Optimized mu = -0.0563067904128  entropy = 0.00299899368816
    Total E(T) = -12253.2912252881  Free energy = -12253.291255278  E0 = -12253.2912402831
cycle= 158 E= -12253.2912252881  delta_E= 3.37e-05  |g|= 0.0458  |ddm|= 8.41
    sigma = 0.01  Optimized mu = -0.0564163600879  entropy = 0.00301054703671
    Total E(T) = -12253.2912217178  Free energy = -12253.2912518233  E0 = -12253.2912367706
cycle= 159 E= -12253.2912217178  delta_E= 3.57e-06  |g|= 0.046  |ddm|= 6.92
    sigma = 0.01  Optimized mu = -0.0562523132645  entropy = 0.00297702145166
    Total E(T) = -12253.2912921639  Free energy = -12253.2913219342  E0 = -12253.291307049
cycle= 160 E= -12253.2912921639  delta_E= -7.04e-05  |g|= 0.036  |ddm|=   15
    sigma = 0.01  Optimized mu = -0.056372332054  entropy = 0.00300501674049
    Total E(T) = -12253.2913773156  Free energy = -12253.2914073658  E0 = -12253.2913923407
cycle= 161 E= -12253.2913773156  delta_E= -8.52e-05  |g|= 0.0379  |ddm|= 7.93
    sigma = 0.01  Optimized mu = -0.0563638885705  entropy = 0.00300393497887
    Total E(T) = -12253.2914862746  Free energy = -12253.291516314  E0 = -12253.2915012943
cycle= 162 E= -12253.2914862746  delta_E= -0.000109  |g|= 0.0404  |ddm|= 6.96
    sigma = 0.01  Optimized mu = -0.056443697041  entropy = 0.00300321653696
    Total E(T) = -12253.2916136664  Free energy = -12253.2916436985  E0 = -12253.2916286824
cycle= 163 E= -12253.2916136664  delta_E= -0.000127  |g|= 0.0455  |ddm|= 6.33
    sigma = 0.01  Optimized mu = -0.0563312746098  entropy = 0.00300516417734
    Total E(T) = -12253.2917335082  Free energy = -12253.2917635599  E0 = -12253.291748534
cycle= 164 E= -12253.2917335082  delta_E= -0.00012  |g|= 0.0395  |ddm|= 9.72
    sigma = 0.01  Optimized mu = -0.0564878098871  entropy = 0.00304867095477
    Total E(T) = -12253.2920062066  Free energy = -12253.2920366933  E0 = -12253.2920214499
cycle= 165 E= -12253.2920062066  delta_E= -0.000273  |g|= 0.0493  |ddm|= 20.4
    sigma = 0.01  Optimized mu = -0.0565333054788  entropy = 0.00303189408866
    Total E(T) = -12253.2923427131  Free energy = -12253.292373032  E0 = -12253.2923578725
cycle= 166 E= -12253.2923427131  delta_E= -0.000337  |g|= 0.0475  |ddm|= 11.5
    sigma = 0.01  Optimized mu = -0.0566801499264  entropy = 0.00303563349697
    Total E(T) = -12253.2926976609  Free energy = -12253.2927280172  E0 = -12253.292712839
cycle= 167 E= -12253.2926976609  delta_E= -0.000355  |g|= 0.0551  |ddm|= 9.27
    sigma = 0.01  Optimized mu = -0.0568270735323  entropy = 0.00305718147469
    Total E(T) = -12253.293032139  Free energy = -12253.2930627108  E0 = -12253.2930474249
cycle= 168 E= -12253.293032139  delta_E= -0.000334  |g|= 0.0652  |ddm|= 9.47
    sigma = 0.01  Optimized mu = -0.0568471975638  entropy = 0.00305692308423
    Total E(T) = -12253.2933184464  Free energy = -12253.2933490156  E0 = -12253.293333731
cycle= 169 E= -12253.2933184464  delta_E= -0.000286  |g|= 0.0768  |ddm|= 5.09
    sigma = 0.01  Optimized mu = -0.0568655186099  entropy = 0.00305435997848
    Total E(T) = -12253.2935757926  Free energy = -12253.2936063362  E0 = -12253.2935910644
cycle= 170 E= -12253.2935757926  delta_E= -0.000257  |g|= 0.0911  |ddm|= 6.45
    sigma = 0.01  Optimized mu = -0.0568593009476  entropy = 0.00304830759204
    Total E(T) = -12253.2937884131  Free energy = -12253.2938188962  E0 = -12253.2938036547
cycle= 171 E= -12253.2937884131  delta_E= -0.000213  |g|= 0.103  |ddm|= 5.53
    sigma = 0.01  Optimized mu = -0.0568426702624  entropy = 0.00304967816513
    Total E(T) = -12253.2940034191  Free energy = -12253.2940339158  E0 = -12253.2940186675
cycle= 172 E= -12253.2940034191  delta_E= -0.000215  |g|= 0.106  |ddm|= 7.78
    sigma = 0.01  Optimized mu = -0.0569382350873  entropy = 0.00305134764925
    Total E(T) = -12253.2940994704  Free energy = -12253.2941299839  E0 = -12253.2941147271
cycle= 173 E= -12253.2940994704  delta_E= -9.61e-05  |g|= 0.122  |ddm|= 7.76
    sigma = 0.01  Optimized mu = -0.0568695988396  entropy = 0.0030511037463
    Total E(T) = -12253.294152845  Free energy = -12253.2941833561  E0 = -12253.2941681005
cycle= 174 E= -12253.294152845  delta_E= -5.34e-05  |g|= 0.133  |ddm|= 12.6
    sigma = 0.01  Optimized mu = -0.056845216425  entropy = 0.00305413585278
    Total E(T) = -12253.2942333851  Free energy = -12253.2942639264  E0 = -12253.2942486558
cycle= 175 E= -12253.2942333851  delta_E= -8.05e-05  |g|= 0.142  |ddm|= 14.5
    sigma = 0.01  Optimized mu = -0.0571464687986  entropy = 0.00304490352537
    Total E(T) = -12253.2942372385  Free energy = -12253.2942676875  E0 = -12253.294252463
cycle= 176 E= -12253.2942372385  delta_E= -3.85e-06  |g|= 0.151  |ddm|= 25.4
    sigma = 0.01  Optimized mu = -0.0571004254622  entropy = 0.00305003825779
    Total E(T) = -12253.2943486082  Free energy = -12253.2943791086  E0 = -12253.2943638584
cycle= 177 E= -12253.2943486082  delta_E= -0.000111  |g|= 0.162  |ddm|= 17.5
    sigma = 0.01  Optimized mu = -0.056640044438  entropy = 0.00301982795691
    Total E(T) = -12253.2943886037  Free energy = -12253.294418802  E0 = -12253.2944037028
cycle= 178 E= -12253.2943886037  delta_E= -4e-05  |g|= 0.163  |ddm|=   18
    sigma = 0.01  Optimized mu = -0.0565741052979  entropy = 0.0029965314485
    Total E(T) = -12253.2944547477  Free energy = -12253.294484713  E0 = -12253.2944697304
cycle= 179 E= -12253.2944547477  delta_E= -6.61e-05  |g|= 0.155  |ddm|= 13.9
    sigma = 0.01  Optimized mu = -0.0567083672943  entropy = 0.00300546672386
    Total E(T) = -12253.2944571188  Free energy = -12253.2944871735  E0 = -12253.2944721461
cycle= 180 E= -12253.2944571188  delta_E= -2.37e-06  |g|= 0.16  |ddm|= 11.7
    sigma = 0.01  Optimized mu = -0.0565289749852  entropy = 0.00299429462413
    Total E(T) = -12253.2947769614  Free energy = -12253.2948069044  E0 = -12253.2947919329
cycle= 181 E= -12253.2947769614  delta_E= -0.00032  |g|= 0.148  |ddm|= 26.7
    sigma = 0.01  Optimized mu = -0.0569432575559  entropy = 0.00304402497499
    Total E(T) = -12253.2950747017  Free energy = -12253.2951051419  E0 = -12253.2950899218
cycle= 182 E= -12253.2950747017  delta_E= -0.000298  |g|= 0.187  |ddm|= 34.6
    sigma = 0.01  Optimized mu = -0.0570574898506  entropy = 0.00303561487568
    Total E(T) = -12253.2954243712  Free energy = -12253.2954547274  E0 = -12253.2954395493
cycle= 183 E= -12253.2954243712  delta_E= -0.00035  |g|= 0.216  |ddm|= 19.3
    sigma = 0.01  Optimized mu = -0.0571228574817  entropy = 0.003012231453
    Total E(T) = -12253.2957621079  Free energy = -12253.2957922302  E0 = -12253.2957771691
cycle= 184 E= -12253.2957621079  delta_E= -0.000338  |g|= 0.237  |ddm|= 23.8
    sigma = 0.01  Optimized mu = -0.0563942194234  entropy = 0.00291838545998
    Total E(T) = -12253.2957262054  Free energy = -12253.2957553892  E0 = -12253.2957407973
cycle= 185 E= -12253.2957262054  delta_E= 3.59e-05  |g|= 0.259  |ddm|= 57.7
    sigma = 0.01  Optimized mu = -0.0567738139287  entropy = 0.0029445963221
    Total E(T) = -12253.2960829215  Free energy = -12253.2961123675  E0 = -12253.2960976445
cycle= 186 E= -12253.2960829215  delta_E= -0.000357  |g|= 0.253  |ddm|=   62
    sigma = 0.01  Optimized mu = -0.0568076991172  entropy = 0.00285572488295
    Total E(T) = -12253.2959604474  Free energy = -12253.2959890047  E0 = -12253.2959747261
cycle= 187 E= -12253.2959604474  delta_E= 0.000122  |g|= 0.28  |ddm|= 68.2
    sigma = 0.01  Optimized mu = -0.0561490957847  entropy = 0.00290175547004
    Total E(T) = -12253.2965487635  Free energy = -12253.296577781  E0 = -12253.2965632722
cycle= 188 E= -12253.2965487635  delta_E= -0.000588  |g|= 0.256  |ddm|= 58.3
    sigma = 0.01  Optimized mu = -0.0569928678185  entropy = 0.00290821001515
    Total E(T) = -12253.2977062921  Free energy = -12253.2977353742  E0 = -12253.2977208332
cycle= 189 E= -12253.2977062921  delta_E= -0.00116  |g|= 0.214  |ddm|= 75.9
    sigma = 0.01  Optimized mu = -0.0572532722728  entropy = 0.00291311953788
    Total E(T) = -12253.2988018651  Free energy = -12253.2988309963  E0 = -12253.2988164307
cycle= 190 E= -12253.2988018651  delta_E= -0.0011  |g|= 0.15  |ddm|= 40.3
    sigma = 0.01  Optimized mu = -0.0570054729657  entropy = 0.00292120037985
    Total E(T) = -12253.2997378144  Free energy = -12253.2997670264  E0 = -12253.2997524204
cycle= 191 E= -12253.2997378144  delta_E= -0.000936  |g|= 0.133  |ddm|= 27.4
    sigma = 0.01  Optimized mu = -0.05697834235  entropy = 0.00292354981215
    Total E(T) = -12253.3011173954  Free energy = -12253.3011466309  E0 = -12253.3011320132
cycle= 192 E= -12253.3011173954  delta_E= -0.00138  |g|= 0.105  |ddm|= 74.9
    sigma = 0.01  Optimized mu = -0.0568603338572  entropy = 0.00297011808111
    Total E(T) = -12253.3027124077  Free energy = -12253.3027421089  E0 = -12253.3027272583
cycle= 193 E= -12253.3027124077  delta_E= -0.0016  |g|= 0.0574  |ddm|=  124
    sigma = 0.01  Optimized mu = -0.0565337517567  entropy = 0.00293412697706
    Total E(T) = -12253.3034547323  Free energy = -12253.3034840736  E0 = -12253.3034694029
cycle= 194 E= -12253.3034547323  delta_E= -0.000742  |g|= 0.0609  |ddm|= 48.1
    sigma = 0.01  Optimized mu = -0.0557472599309  entropy = 0.00309667059258
    Total E(T) = -12253.3042882796  Free energy = -12253.3043192463  E0 = -12253.3043037629
cycle= 195 E= -12253.3042882796  delta_E= -0.000834  |g|= 0.0357  |ddm|= 87.5
    sigma = 0.01  Optimized mu = -0.0553235620808  entropy = 0.00319190579172
    Total E(T) = -12253.304932838  Free energy = -12253.3049647571  E0 = -12253.3049487976
cycle= 196 E= -12253.304932838  delta_E= -0.000645  |g|= 0.0215  |ddm|= 64.6
    sigma = 0.01  Optimized mu = -0.0553425683101  entropy = 0.00319030261247
    Total E(T) = -12253.3054660288  Free energy = -12253.3054979318  E0 = -12253.3054819803
cycle= 197 E= -12253.3054660288  delta_E= -0.000533  |g|= 0.0303  |ddm|= 31.8
    sigma = 0.01  Optimized mu = -0.055141198795  entropy = 0.00323414875078
    Total E(T) = -12253.3059482989  Free energy = -12253.3059806404  E0 = -12253.3059644696
cycle= 198 E= -12253.3059482989  delta_E= -0.000482  |g|= 0.0313  |ddm|= 29.2
    sigma = 0.01  Optimized mu = -0.0552832388211  entropy = 0.00317815847283
    Total E(T) = -12253.3063061731  Free energy = -12253.3063379547  E0 = -12253.3063220639
cycle= 199 E= -12253.3063061731  delta_E= -0.000358  |g|= 0.0521  |ddm|= 13.5
    sigma = 0.01  Optimized mu = -0.0555117293048  entropy = 0.00312658432528
    Total E(T) = -12253.306515631  Free energy = -12253.3065468968  E0 = -12253.3065312639
cycle= 200 E= -12253.306515631  delta_E= -0.000209  |g|= 0.0764  |ddm|= 11.7
SCF not converged.
SCF energy = -12253.306515631 after 200 cycles  <S^2> = 0.014543706  2S+1 = 1.0286762


******** <class 'pyscf.scf.addons.SmearingDFUKS'> ********
method = SmearingDFUKS
initial guess = minao
damping factor = 0.15
level_shift factor = 0.2
DIIS = <class 'pyscf.scf.diis.CDIIS'>
diis_start_cycle = 1
diis_space = 12
diis_damp = 0
SCF conv_tol = 5e-05
SCF conv_tol_grad = None
SCF max_cycles = 500
direct_scf = True
direct_scf_tol = 1e-13
chkfile to save SCF result = ./alp03.chk
max_memory 4000 MB (current use 1202 MB)
number electrons alpha = 334  beta = 332
XC library pyscf.dft.libxc version 6.1.0
    S. Lehtola, C. Steigemann, M. J.T. Oliveira, and M. A.L. Marques.,  SoftwareX 7, 1–5 (2018)
XC functionals = PBE0
    C. Adamo and V. Barone.,  J. Chem. Phys. 110, 6158 (1999)
    M. Ernzerhof and G. E. Scuseria.,  J. Chem. Phys. 110, 5029 (1999)
small_rho_cutoff = 1e-06
Set gradient conv threshold to 0.00707107
init E= -12253.3065277407
    sigma = 0.01  Optimized mu = -0.0509453446292  entropy = 0.00446559862123
    Total E(T) = -12253.3068414604  Free energy = -12253.3068861164  E0 = -12253.3068637884
cycle= 1 E= -12253.3068414604  delta_E= -0.000314  |g|= 0.142  |ddm|=  123
    sigma = 0.01  Optimized mu = -0.0560739616599  entropy = 0.00306493413577
    Total E(T) = -12253.3054919648  Free energy = -12253.3055226141  E0 = -12253.3055072895
cycle= 2 E= -12253.3054919648  delta_E= 0.00135  |g|= 0.33  |ddm|=  100
    sigma = 0.01  Optimized mu = -0.0538959237757  entropy = 0.0035283898592
    Total E(T) = -12253.3082720534  Free energy = -12253.3083073373  E0 = -12253.3082896953
cycle= 3 E= -12253.3082720534  delta_E= -0.00278  |g|= 0.105  |ddm|= 47.6
    sigma = 0.01  Optimized mu = -0.0532497175441  entropy = 0.00370931180099
    Total E(T) = -12253.3094500524  Free energy = -12253.3094871455  E0 = -12253.3094685989
cycle= 4 E= -12253.3094500524  delta_E= -0.00118  |g|= 0.0521  |ddm|= 36.4
    sigma = 0.01  Optimized mu = -0.0535717341542  entropy = 0.0036094013832
    Total E(T) = -12253.3100838902  Free energy = -12253.3101199842  E0 = -12253.3101019372
cycle= 5 E= -12253.3100838902  delta_E= -0.000634  |g|= 0.0379  |ddm|= 14.2
    sigma = 0.01  Optimized mu = -0.0551058705909  entropy = 0.00316008079013
    Total E(T) = -12253.3096548765  Free energy = -12253.3096864773  E0 = -12253.3096706769
cycle= 6 E= -12253.3096548765  delta_E= 0.000429  |g|= 0.0717  |ddm|=   66
    sigma = 0.01  Optimized mu = -0.0550686365431  entropy = 0.00316852257254
    Total E(T) = -12253.309441963  Free energy = -12253.3094736482  E0 = -12253.3094578056
cycle= 7 E= -12253.309441963  delta_E= 0.000213  |g|= 0.0824  |ddm|= 23.5
    sigma = 0.01  Optimized mu = -0.0551508621883  entropy = 0.00313246840879
    Total E(T) = -12253.3092137539  Free energy = -12253.3092450786  E0 = -12253.3092294163
cycle= 8 E= -12253.3092137539  delta_E= 0.000228  |g|= 0.0829  |ddm|= 24.4
    sigma = 0.01  Optimized mu = -0.0552888969225  entropy = 0.00310988368099
    Total E(T) = -12253.3089884033  Free energy = -12253.3090195021  E0 = -12253.3090039527
cycle= 9 E= -12253.3089884033  delta_E= 0.000225  |g|= 0.0881  |ddm|= 13.4
    sigma = 0.01  Optimized mu = -0.0552916819944  entropy = 0.00310964444907
    Total E(T) = -12253.3088367552  Free energy = -12253.3088678517  E0 = -12253.3088523034
cycle= 10 E= -12253.3088367552  delta_E= 0.000152  |g|= 0.0899  |ddm|= 5.52
    sigma = 0.01  Optimized mu = -0.0551793359389  entropy = 0.0031122670436
    Total E(T) = -12253.308734844  Free energy = -12253.3087659667  E0 = -12253.3087504053
cycle= 11 E= -12253.308734844  delta_E= 0.000102  |g|= 0.0889  |ddm|= 4.94
    sigma = 0.01  Optimized mu = -0.0551793270639  entropy = 0.00311321849023
    Total E(T) = -12253.3086506436  Free energy = -12253.3086817758  E0 = -12253.3086662097
cycle= 12 E= -12253.3086506436  delta_E= 8.42e-05  |g|= 0.0882  |ddm|= 2.53
    sigma = 0.01  Optimized mu = -0.055267636705  entropy = 0.0031152862759
    Total E(T) = -12253.3085696573  Free energy = -12253.3086008102  E0 = -12253.3085852337
cycle= 13 E= -12253.3085696573  delta_E= 8.1e-05  |g|= 0.0841  |ddm|= 7.08
    sigma = 0.01  Optimized mu = -0.0537000550061  entropy = 0.00357375394332
    Total E(T) = -12253.3094110052  Free energy = -12253.3094467427  E0 = -12253.309428874
cycle= 14 E= -12253.3094110052  delta_E= -0.000841  |g|= 0.0325  |ddm|= 77.3
    sigma = 0.01  Optimized mu = -0.0538955117581  entropy = 0.00350299726927
    Total E(T) = -12253.3098020494  Free energy = -12253.3098370794  E0 = -12253.3098195644
cycle= 15 E= -12253.3098020494  delta_E= -0.000391  |g|= 0.0275  |ddm|= 22.2
    sigma = 0.01  Optimized mu = -0.0539548093025  entropy = 0.00347691531427
    Total E(T) = -12253.3101150815  Free energy = -12253.3101498507  E0 = -12253.3101324661
cycle= 16 E= -12253.3101150815  delta_E= -0.000313  |g|= 0.0274  |ddm|= 10.2
    sigma = 0.01  Optimized mu = -0.053902684104  entropy = 0.00347262653903
    Total E(T) = -12253.3103511133  Free energy = -12253.3103858396  E0 = -12253.3103684764
cycle= 17 E= -12253.3103511133  delta_E= -0.000236  |g|= 0.0308  |ddm|= 8.07
    sigma = 0.01  Optimized mu = -0.0539794615098  entropy = 0.00344594193788
    Total E(T) = -12253.3105047443  Free energy = -12253.3105392037  E0 = -12253.310521974
cycle= 18 E= -12253.3105047443  delta_E= -0.000154  |g|= 0.0345  |ddm|= 8.63
    sigma = 0.01  Optimized mu = -0.0540242952219  entropy = 0.00342783953743
    Total E(T) = -12253.3105846842  Free energy = -12253.3106189626  E0 = -12253.3106018234
cycle= 19 E= -12253.3105846842  delta_E= -7.99e-05  |g|= 0.0393  |ddm|= 8.76
    sigma = 0.01  Optimized mu = -0.0540236033893  entropy = 0.00342846159583
    Total E(T) = -12253.310687441  Free energy = -12253.3107217256  E0 = -12253.3107045833
cycle= 20 E= -12253.310687441  delta_E= -0.000103  |g|= 0.0456  |ddm|= 6.62
    sigma = 0.01  Optimized mu = -0.0540664348866  entropy = 0.00343350411877
    Total E(T) = -12253.3108053095  Free energy = -12253.3108396446  E0 = -12253.3108224771
cycle= 21 E= -12253.3108053095  delta_E= -0.000118  |g|= 0.063  |ddm|= 10.8
    sigma = 0.01  Optimized mu = -0.0536016949258  entropy = 0.00354663983709
    Total E(T) = -12253.3113450318  Free energy = -12253.3113804982  E0 = -12253.311362765
cycle= 22 E= -12253.3113450318  delta_E= -0.00054  |g|= 0.0948  |ddm|= 22.5
    sigma = 0.01  Optimized mu = -0.0531367190293  entropy = 0.00367589627603
    Total E(T) = -12253.3120529578  Free energy = -12253.3120897168  E0 = -12253.3120713373
cycle= 23 E= -12253.3120529578  delta_E= -0.000708  |g|= 0.0815  |ddm|= 32.8
    sigma = 0.01  Optimized mu = -0.0524842823285  entropy = 0.00377488418989
    Total E(T) = -12253.3128364118  Free energy = -12253.3128741606  E0 = -12253.3128552862
cycle= 24 E= -12253.3128364118  delta_E= -0.000783  |g|= 0.0818  |ddm|=   40
    sigma = 0.01  Optimized mu = -0.0526359820635  entropy = 0.00381663415316
    Total E(T) = -12253.3138226314  Free energy = -12253.3138607978  E0 = -12253.3138417146
cycle= 25 E= -12253.3138226314  delta_E= -0.000986  |g|= 0.087  |ddm|= 21.2
    sigma = 0.01  Optimized mu = -0.052720473373  entropy = 0.00375984367395
    Total E(T) = -12253.3146214334  Free energy = -12253.3146590319  E0 = -12253.3146402327
cycle= 26 E= -12253.3146214334  delta_E= -0.000799  |g|= 0.104  |ddm|= 20.1
    sigma = 0.01  Optimized mu = -0.0524732332323  entropy = 0.00377177187312
    Total E(T) = -12253.3157391278  Free energy = -12253.3157768455  E0 = -12253.3157579867
cycle= 27 E= -12253.3157391278  delta_E= -0.00112  |g|= 0.11  |ddm|= 36.6
    sigma = 0.01  Optimized mu = -0.0522064324147  entropy = 0.00376304516707
    Total E(T) = -12253.3169708503  Free energy = -12253.3170084808  E0 = -12253.3169896655
cycle= 28 E= -12253.3169708503  delta_E= -0.00123  |g|= 0.132  |ddm|= 35.9
    sigma = 0.01  Optimized mu = -0.0525892993613  entropy = 0.00370649779921
    Total E(T) = -12253.3177184751  Free energy = -12253.3177555401  E0 = -12253.3177370076
cycle= 29 E= -12253.3177184751  delta_E= -0.000748  |g|= 0.151  |ddm|= 28.9
    sigma = 0.01  Optimized mu = -0.0534052431483  entropy = 0.00352905233832
    Total E(T) = -12253.3177166527  Free energy = -12253.3177519432  E0 = -12253.3177342979
cycle= 30 E= -12253.3177166527  delta_E= 1.82e-06  |g|= 0.186  |ddm|=   41
    sigma = 0.01  Optimized mu = -0.0535814616212  entropy = 0.00349188796553
    Total E(T) = -12253.3174765469  Free energy = -12253.3175114658  E0 = -12253.3174940064
cycle= 31 E= -12253.3174765469  delta_E= 0.00024  |g|= 0.212  |ddm|= 29.1
    sigma = 0.01  Optimized mu = -0.05373906682  entropy = 0.00348005094524
    Total E(T) = -12253.3171942316  Free energy = -12253.3172290321  E0 = -12253.3172116319
cycle= 32 E= -12253.3171942316  delta_E= 0.000282  |g|= 0.227  |ddm|= 21.6
    sigma = 0.01  Optimized mu = -0.053653109073  entropy = 0.00347479204084
    Total E(T) = -12253.3168572209  Free energy = -12253.3168919688  E0 = -12253.3168745948
cycle= 33 E= -12253.3168572209  delta_E= 0.000337  |g|= 0.235  |ddm|= 19.4
    sigma = 0.01  Optimized mu = -0.0537873536628  entropy = 0.00349081785678
    Total E(T) = -12253.3161302459  Free energy = -12253.3161651541  E0 = -12253.3161477
cycle= 34 E= -12253.3161302459  delta_E= 0.000727  |g|= 0.271  |ddm|= 21.9
    sigma = 0.01  Optimized mu = -0.0537205409632  entropy = 0.00349273605147
    Total E(T) = -12253.3156019756  Free energy = -12253.315636903  E0 = -12253.3156194393
cycle= 35 E= -12253.3156019756  delta_E= 0.000528  |g|= 0.283  |ddm|= 16.9
    sigma = 0.01  Optimized mu = -0.053562372896  entropy = 0.00346664729658
    Total E(T) = -12253.31654983  Free energy = -12253.3165844965  E0 = -12253.3165671632
cycle= 36 E= -12253.31654983  delta_E= -0.000948  |g|= 0.285  |ddm|= 42.7
    sigma = 0.01  Optimized mu = -0.0536106406297  entropy = 0.00343926051348
    Total E(T) = -12253.3166635066  Free energy = -12253.3166978992  E0 = -12253.3166807029
cycle= 37 E= -12253.3166635066  delta_E= -0.000114  |g|= 0.293  |ddm|= 34.9
    sigma = 0.01  Optimized mu = -0.0533151880113  entropy = 0.0034364853135
    Total E(T) = -12253.3163981254  Free energy = -12253.3164324903  E0 = -12253.3164153078
cycle= 38 E= -12253.3163981254  delta_E= 0.000265  |g|= 0.316  |ddm|= 42.7
    sigma = 0.01  Optimized mu = -0.053995587645  entropy = 0.00330458618565
    Total E(T) = -12253.3174068384  Free energy = -12253.3174398842  E0 = -12253.3174233613
cycle= 39 E= -12253.3174068384  delta_E= -0.00101  |g|= 0.311  |ddm|= 38.9
    sigma = 0.01  Optimized mu = -0.0548856064236  entropy = 0.00316899742131
    Total E(T) = -12253.3190906645  Free energy = -12253.3191223545  E0 = -12253.3191065095
cycle= 40 E= -12253.3190906645  delta_E= -0.00168  |g|= 0.333  |ddm|= 68.9
    sigma = 0.01  Optimized mu = -0.0539437904463  entropy = 0.00316231939535
    Total E(T) = -12253.3206092015  Free energy = -12253.3206408247  E0 = -12253.3206250131
cycle= 41 E= -12253.3206092015  delta_E= -0.00152  |g|= 0.326  |ddm|= 80.6
    sigma = 0.01  Optimized mu = -0.0532795291807  entropy = 0.00307286518704
    Total E(T) = -12253.3229162749  Free energy = -12253.3229470035  E0 = -12253.3229316392
cycle= 42 E= -12253.3229162749  delta_E= -0.00231  |g|= 0.295  |ddm|=  139
    sigma = 0.01  Optimized mu = -0.0539314902951  entropy = 0.00303908648894
    Total E(T) = -12253.3250491223  Free energy = -12253.3250795131  E0 = -12253.3250643177
cycle= 43 E= -12253.3250491223  delta_E= -0.00213  |g|= 0.271  |ddm|= 74.2
    sigma = 0.01  Optimized mu = -0.0536928806736  entropy = 0.00297958507272
    Total E(T) = -12253.3277858348  Free energy = -12253.3278156307  E0 = -12253.3278007327
cycle= 44 E= -12253.3277858348  delta_E= -0.00274  |g|= 0.221  |ddm|= 69.8
    sigma = 0.01  Optimized mu = -0.0535563947146  entropy = 0.00287311592544
    Total E(T) = -12253.3321368194  Free energy = -12253.3321655506  E0 = -12253.332151185
cycle= 45 E= -12253.3321368194  delta_E= -0.00435  |g|= 0.202  |ddm|=  194
    sigma = 0.01  Optimized mu = -0.0534630917702  entropy = 0.00277129389478
    Total E(T) = -12253.3349164002  Free energy = -12253.3349441131  E0 = -12253.3349302566
cycle= 46 E= -12253.3349164002  delta_E= -0.00278  |g|= 0.14  |ddm|=  116
    sigma = 0.01  Optimized mu = -0.0536971361325  entropy = 0.00274077097633
    Total E(T) = -12253.336633787  Free energy = -12253.3366611947  E0 = -12253.3366474909
cycle= 47 E= -12253.336633787  delta_E= -0.00172  |g|= 0.0947  |ddm|= 56.9
    sigma = 0.01  Optimized mu = -0.0534637959314  entropy = 0.00262117539791
    Total E(T) = -12253.3384594083  Free energy = -12253.33848562  E0 = -12253.3384725141
cycle= 48 E= -12253.3384594083  delta_E= -0.00183  |g|= 0.0741  |ddm|=  135
    sigma = 0.01  Optimized mu = -0.0537938358922  entropy = 0.00260440767712
    Total E(T) = -12253.3393373254  Free energy = -12253.3393633695  E0 = -12253.3393503475
cycle= 49 E= -12253.3393373254  delta_E= -0.000878  |g|= 0.0455  |ddm|= 75.6
    sigma = 0.01  Optimized mu = -0.0537237043958  entropy = 0.00258170420865
    Total E(T) = -12253.3399499407  Free energy = -12253.3399757577  E0 = -12253.3399628492
cycle= 50 E= -12253.3399499407  delta_E= -0.000613  |g|= 0.0279  |ddm|= 40.9
    sigma = 0.01  Optimized mu = -0.0535739045505  entropy = 0.00255028002029
    Total E(T) = -12253.3404438956  Free energy = -12253.3404693984  E0 = -12253.340456647
cycle= 51 E= -12253.3404438956  delta_E= -0.000494  |g|= 0.0269  |ddm|=   58
    sigma = 0.01  Optimized mu = -0.0535522555751  entropy = 0.00254649509196
    Total E(T) = -12253.3407784699  Free energy = -12253.3408039348  E0 = -12253.3407912024
cycle= 52 E= -12253.3407784699  delta_E= -0.000335  |g|= 0.0369  |ddm|= 43.8
    sigma = 0.01  Optimized mu = -0.0536302094043  entropy = 0.00253775371219
    Total E(T) = -12253.3410406341  Free energy = -12253.3410660117  E0 = -12253.3410533229
cycle= 53 E= -12253.3410406341  delta_E= -0.000262  |g|= 0.0423  |ddm|=   33
    sigma = 0.01  Optimized mu = -0.0537103804535  entropy = 0.00252953020607
    Total E(T) = -12253.3412805672  Free energy = -12253.3413058625  E0 = -12253.3412932148
cycle= 54 E= -12253.3412805672  delta_E= -0.00024  |g|= 0.0351  |ddm|= 18.5
    sigma = 0.01  Optimized mu = -0.0536373382347  entropy = 0.00252578960936
    Total E(T) = -12253.3414880164  Free energy = -12253.3415132743  E0 = -12253.3415006454
cycle= 55 E= -12253.3414880164  delta_E= -0.000207  |g|= 0.0278  |ddm|= 15.2
    sigma = 0.01  Optimized mu = -0.053636531338  entropy = 0.00251694521832
    Total E(T) = -12253.3416641608  Free energy = -12253.3416893302  E0 = -12253.3416767455
cycle= 56 E= -12253.3416641608  delta_E= -0.000176  |g|= 0.029  |ddm|= 17.7
    sigma = 0.01  Optimized mu = -0.0536720164055  entropy = 0.00250666130568
    Total E(T) = -12253.3418261388  Free energy = -12253.3418512054  E0 = -12253.3418386721
cycle= 57 E= -12253.3418261388  delta_E= -0.000162  |g|= 0.035  |ddm|=   18
    sigma = 0.01  Optimized mu = -0.0536419056101  entropy = 0.00250386064824
    Total E(T) = -12253.3419786333  Free energy = -12253.3420036719  E0 = -12253.3419911526
cycle= 58 E= -12253.3419786333  delta_E= -0.000152  |g|= 0.0257  |ddm|= 15.5
    sigma = 0.01  Optimized mu = -0.0536328099166  entropy = 0.00249985488178
    Total E(T) = -12253.3420983174  Free energy = -12253.3421233159  E0 = -12253.3421108166
cycle= 59 E= -12253.3420983174  delta_E= -0.00012  |g|= 0.0277  |ddm|= 12.9
    sigma = 0.01  Optimized mu = -0.0536261172716  entropy = 0.00249716031527
    Total E(T) = -12253.3422048831  Free energy = -12253.3422298547  E0 = -12253.3422173689
cycle= 60 E= -12253.3422048831  delta_E= -0.000107  |g|= 0.023  |ddm|= 9.65
    sigma = 0.01  Optimized mu = -0.0536604204649  entropy = 0.00249526284076
    Total E(T) = -12253.3422947474  Free energy = -12253.3423197  E0 = -12253.3423072237
cycle= 61 E= -12253.3422947474  delta_E= -8.99e-05  |g|= 0.0215  |ddm|= 7.93
    sigma = 0.01  Optimized mu = -0.0536322714023  entropy = 0.00249430657942
    Total E(T) = -12253.3423742275  Free energy = -12253.3423991706  E0 = -12253.342386699
cycle= 62 E= -12253.3423742275  delta_E= -7.95e-05  |g|= 0.0207  |ddm|= 9.15
    sigma = 0.01  Optimized mu = -0.0536521073221  entropy = 0.00249214274846
    Total E(T) = -12253.3424431174  Free energy = -12253.3424680388  E0 = -12253.3424555781
cycle= 63 E= -12253.3424431174  delta_E= -6.89e-05  |g|= 0.019  |ddm|= 8.19
    sigma = 0.01  Optimized mu = -0.0536350372137  entropy = 0.00249222641178
    Total E(T) = -12253.3425091738  Free energy = -12253.3425340961  E0 = -12253.3425216349
cycle= 64 E= -12253.3425091738  delta_E= -6.61e-05  |g|= 0.0149  |ddm|= 7.05
    sigma = 0.01  Optimized mu = -0.0536277123185  entropy = 0.00249133986287
    Total E(T) = -12253.3425646657  Free energy = -12253.3425895791  E0 = -12253.3425771224
cycle= 65 E= -12253.3425646657  delta_E= -5.55e-05  |g|= 0.0105  |ddm|= 5.38
    sigma = 0.01  Optimized mu = -0.0536362614607  entropy = 0.0024907775816
    Total E(T) = -12253.3426119913  Free energy = -12253.3426368991  E0 = -12253.3426244452
cycle= 66 E= -12253.3426119913  delta_E= -4.73e-05  |g|= 0.00965  |ddm|= 5.28
    sigma = 0.01  Optimized mu = -0.0536119210157  entropy = 0.00249194827761
    Total E(T) = -12253.3426568963  Free energy = -12253.3426818158  E0 = -12253.3426693561
cycle= 67 E= -12253.3426568963  delta_E= -4.49e-05  |g|= 0.0149  |ddm|= 9.53
    sigma = 0.01  Optimized mu = -0.0536163893502  entropy = 0.0024899351943
    Total E(T) = -12253.3426994938  Free energy = -12253.3427243931  E0 = -12253.3427119435
cycle= 68 E= -12253.3426994938  delta_E= -4.26e-05  |g|= 0.00957  |ddm|= 4.25
    sigma = 0.01  Optimized mu = -0.0536362140621  entropy = 0.00248913562125
    Total E(T) = -12253.3427360681  Free energy = -12253.3427609595  E0 = -12253.3427485138
cycle= 69 E= -12253.3427360681  delta_E= -3.66e-05  |g|= 0.00777  |ddm|= 4.11
    sigma = 0.01  Optimized mu = -0.0536124029144  entropy = 0.00249023431438
    Total E(T) = -12253.3427723332  Free energy = -12253.3427972356  E0 = -12253.3427847844
cycle= 70 E= -12253.3427723332  delta_E= -3.63e-05  |g|= 0.00681  |ddm|= 5.07
    sigma = 0.01  Optimized mu = -0.153525752713  entropy = 11.7190230764
    Total E(T) = -12253.2683090126  Free energy = -12253.3854992433  E0 = -12253.3269041279
Extra cycle  E= -12253.2683090126  delta_E= 0.0745  |g|= 0.13  |ddm|=  189
converged SCF energy = -12253.2683090126  <S^2> = 0.92370645  2S+1 = 2.1667547
For distance 3 the energy with PBE0 was -12253.268309012561 Hartree
converged SCF energy = -12103.0810713801


the cluster energy is -12103.081071380053 H


******** <class 'pyscf.dft.uks.UKS'> ********
method = UKS
initial guess = minao
damping factor = 0
level_shift factor = 0
DIIS = <class 'pyscf.scf.diis.CDIIS'>
diis_start_cycle = 1
diis_space = 8
diis_damp = 0
SCF conv_tol = 1e-09
SCF conv_tol_grad = None
SCF max_cycles = 200
direct_scf = True
direct_scf_tol = 1e-13
chkfile to save SCF result = /tmp/tmpe5lw4w1i
max_memory 4000 MB (current use 1685 MB)
number electrons alpha = 9  beta = 7
XC library pyscf.dft.libxc version 6.1.0
    S. Lehtola, C. Steigemann, M. J.T. Oliveira, and M. A.L. Marques.,  SoftwareX 7, 1–5 (2018)
XC functionals = PBE0
    C. Adamo and V. Barone.,  J. Chem. Phys. 110, 6158 (1999)
    M. Ernzerhof and G. E. Scuseria.,  J. Chem. Phys. 110, 5029 (1999)
small_rho_cutoff = 1e-07
Set gradient conv threshold to 3.16228e-05
init E= -150.315216582544
  alpha nocc = 9  HOMO = -0.24294931421518  LUMO = 0.0815032920697074
  beta  nocc = 7  HOMO = -0.521627205647551  LUMO = -0.242949314215179

WARN: system HOMO -0.242949314215179 >= system LUMO -0.242949314215179

cycle= 1 E= -150.159296663372  delta_E= 0.156  |g|= 0.158  |ddm|= 1.21
  alpha nocc = 9  HOMO = -0.353917123672837  LUMO = 0.0833653414052783
  beta  nocc = 7  HOMO = -0.50525735196827  LUMO = -0.142796103576818
cycle= 2 E= -150.169599638164  delta_E= -0.0103  |g|= 0.0729  |ddm|= 0.179
  alpha nocc = 9  HOMO = -0.330097820130867  LUMO = 0.0926963829667372
  beta  nocc = 7  HOMO = -0.471721248280294  LUMO = -0.113568912683252
cycle= 3 E= -150.171693107162  delta_E= -0.00209  |g|= 0.0176  |ddm|= 0.0525
  alpha nocc = 9  HOMO = -0.340003209206213  LUMO = 0.0909977660379572
  beta  nocc = 7  HOMO = -0.477504516380674  LUMO = -0.119156091147708
cycle= 4 E= -150.171852486763  delta_E= -0.000159  |g|= 0.00591  |ddm|= 0.0219
  alpha nocc = 9  HOMO = -0.338402585799845  LUMO = 0.0918684904047275
  beta  nocc = 7  HOMO = -0.475207161346566  LUMO = -0.116448635234648
cycle= 5 E= -150.171869506011  delta_E= -1.7e-05  |g|= 0.000332  |ddm|= 0.00542
  alpha nocc = 9  HOMO = -0.338496603064917  LUMO = 0.0918515935742084
  beta  nocc = 7  HOMO = -0.475200621772407  LUMO = -0.116474818072259
cycle= 6 E= -150.171869595817  delta_E= -8.98e-08  |g|= 1.58e-05  |ddm|= 0.000709
  alpha nocc = 9  HOMO = -0.338491960145291  LUMO = 0.0918553635700647
  beta  nocc = 7  HOMO = -0.475195835519155  LUMO = -0.116470528711937
cycle= 7 E= -150.171869595985  delta_E= -1.68e-10  |g|= 1.87e-06  |ddm|= 2.01e-05
  alpha nocc = 9  HOMO = -0.338492603953643  LUMO = 0.0918553776105084
  beta  nocc = 7  HOMO = -0.475196398908169  LUMO = -0.116471170846354
Extra cycle  E= -150.171869595988  delta_E= -2.87e-12  |g|= 6.87e-07  |ddm|= 2.31e-06
converged SCF energy = -150.171869595988  <S^2> = 2.0097127  2S+1 = 3.0064682
the oxygen energy is -150.17186959598777


Adsorption Energy: -0.41818578897158953 eV, for 3 distance
done with PBE0
=== Python finished ===

All done.
