distance: 3


******** <class 'pyscf.scf.addons.SmearingDFUKS'> ********
method = SmearingDFUKS
initial guess = minao
damping factor = 0.15
level_shift factor = 0.2
DIIS = <class 'pyscf.scf.diis.CDIIS'>
diis_start_cycle = 1
diis_space = 12
diis_damp = 0
SCF conv_tol = 5e-05
SCF conv_tol_grad = None
SCF max_cycles = 200
direct_scf = True
direct_scf_tol = 1e-13
chkfile to save SCF result = ./alp03.chk
max_memory 4000 MB (current use 184 MB)
number electrons alpha = 334  beta = 332
XC library pyscf.dft.libxc version 6.1.0
    S. Lehtola, C. Steigemann, M. J.T. Oliveira, and M. A.L. Marques.,  SoftwareX 7, 1–5 (2018)
XC functionals = PBE0
    C. Adamo and V. Barone.,  J. Chem. Phys. 110, 6158 (1999)
    M. Ernzerhof and G. E. Scuseria.,  J. Chem. Phys. 110, 5029 (1999)
small_rho_cutoff = 1e-06
Set gradient conv threshold to 0.00707107
init E= -12261.6711299019
    sigma = 0.01  Optimized mu = -0.00790120665369  entropy = 17.2445864169
    Total E(T) = -12252.0434986191  Free energy = -12252.2159444833  E0 = -12252.1297215512
cycle= 1 E= -12252.0434986191  delta_E= 9.63  |g|= 3.89  |ddm|= 5.61e+03
    sigma = 0.01  Optimized mu = 0.03987825971  entropy = 7.63728876496
    Total E(T) = -12217.5043336467  Free energy = -12217.5807065343  E0 = -12217.5425200905
cycle= 2 E= -12217.5043336467  delta_E= 34.5  |g|= 23.1  |ddm|= 2.05e+03
    sigma = 0.01  Optimized mu = -0.119130404102  entropy = 4.92259079433
    Total E(T) = -12250.1759362815  Free energy = -12250.2251621895  E0 = -12250.2005492355
cycle= 3 E= -12250.1759362815  delta_E= -32.7  |g|=  7.1  |ddm|= 1.95e+03
    sigma = 0.01  Optimized mu = -0.0685821417437  entropy = 0.066102732766
    Total E(T) = -12251.2480063554  Free energy = -12251.2486673827  E0 = -12251.2483368691
cycle= 4 E= -12251.2480063554  delta_E= -1.07  |g|= 5.79  |ddm|= 1.96e+03
    sigma = 0.01  Optimized mu = -0.0520384605487  entropy = 0.00638444205977
    Total E(T) = -12251.6673247868  Free energy = -12251.6673886312  E0 = -12251.667356709
cycle= 5 E= -12251.6673247868  delta_E= -0.419  |g|= 4.48  |ddm|=  697
    sigma = 0.01  Optimized mu = -0.144812610471  entropy = 9.05339811307
    Total E(T) = -12252.5411988194  Free energy = -12252.6317328005  E0 = -12252.58646581
cycle= 6 E= -12252.5411988194  delta_E= -0.874  |g|= 3.23  |ddm|= 1.17e+03
    sigma = 0.01  Optimized mu = -0.0908601721395  entropy = 2.57348108046
    Total E(T) = -12252.3806619234  Free energy = -12252.4063967342  E0 = -12252.3935293288
cycle= 7 E= -12252.3806619234  delta_E= 0.161  |g|= 3.71  |ddm|=  244
    sigma = 0.01  Optimized mu = -0.06054578524  entropy = 0.0259494550993
    Total E(T) = -12252.3029596057  Free energy = -12252.3032191003  E0 = -12252.303089353
cycle= 8 E= -12252.3029596057  delta_E= 0.0777  |g|= 3.92  |ddm|=  122
    sigma = 0.01  Optimized mu = -0.0595865168036  entropy = 0.00520796411657
    Total E(T) = -12252.2213769757  Free energy = -12252.2214290554  E0 = -12252.2214030156
cycle= 9 E= -12252.2213769757  delta_E= 0.0816  |g|=  4.2  |ddm|=  178
    sigma = 0.01  Optimized mu = -0.0595419486806  entropy = 0.00512747752012
    Total E(T) = -12252.1848877013  Free energy = -12252.1849389761  E0 = -12252.1849133387
cycle= 10 E= -12252.1848877013  delta_E= 0.0365  |g|= 4.22  |ddm|= 66.3
    sigma = 0.01  Optimized mu = -0.0605871741119  entropy = 0.00496511906122
    Total E(T) = -12252.307765184  Free energy = -12252.3078148351  E0 = -12252.3077900096
cycle= 11 E= -12252.307765184  delta_E= -0.123  |g|=  3.7  |ddm|=  238
    sigma = 0.01  Optimized mu = -0.0595666909261  entropy = 0.0045343682553
    Total E(T) = -12252.4319268033  Free energy = -12252.4319721469  E0 = -12252.4319494751
cycle= 12 E= -12252.4319268033  delta_E= -0.124  |g|= 3.59  |ddm|=  318
    sigma = 0.01  Optimized mu = -0.059666830588  entropy = 0.00420576619063
    Total E(T) = -12252.5230383655  Free energy = -12252.5230804232  E0 = -12252.5230593943
cycle= 13 E= -12252.5230383655  delta_E= -0.0911  |g|= 3.38  |ddm|=  197
    sigma = 0.01  Optimized mu = -0.0600477375743  entropy = 0.00399307223386
    Total E(T) = -12252.5642239211  Free energy = -12252.5642638519  E0 = -12252.5642438865
cycle= 14 E= -12252.5642239211  delta_E= -0.0412  |g|= 3.19  |ddm|=  146
    sigma = 0.01  Optimized mu = -0.0601952657713  entropy = 0.00402669779667
    Total E(T) = -12252.602104883  Free energy = -12252.60214515  E0 = -12252.6021250165
cycle= 15 E= -12252.602104883  delta_E= -0.0379  |g|= 3.03  |ddm|=  134
    sigma = 0.01  Optimized mu = -0.0607037502745  entropy = 0.00377980943698
    Total E(T) = -12252.6306905811  Free energy = -12252.6307283792  E0 = -12252.6307094802
cycle= 16 E= -12252.6306905811  delta_E= -0.0286  |g|=    3  |ddm|=  350
    sigma = 0.01  Optimized mu = -0.0446173504973  entropy = 0.0147222699037
    Total E(T) = -12252.7685867355  Free energy = -12252.7687339582  E0 = -12252.7686603469
cycle= 17 E= -12252.7685867355  delta_E= -0.138  |g|= 2.44  |ddm|=  616
    sigma = 0.01  Optimized mu = 0.0376743120021  entropy = 8.34881276787
    Total E(T) = -12251.056882281  Free energy = -12251.1403704087  E0 = -12251.0986263449
cycle= 18 E= -12251.056882281  delta_E= 1.71  |g|= 5.95  |ddm|= 1.55e+03
    sigma = 0.01  Optimized mu = -0.0373075279555  entropy = 3.52828415851
    Total E(T) = -12251.3222702344  Free energy = -12251.357553076  E0 = -12251.3399116552
cycle= 19 E= -12251.3222702344  delta_E= -0.265  |g|= 5.56  |ddm|=  543
    sigma = 0.01  Optimized mu = -0.0658218389742  entropy = 0.885021977633
    Total E(T) = -12251.5505744907  Free energy = -12251.5594247104  E0 = -12251.5549996005
cycle= 20 E= -12251.5505744907  delta_E= -0.228  |g|= 4.99  |ddm|=  696
    sigma = 0.01  Optimized mu = -0.0489078662837  entropy = 0.00729251500729
    Total E(T) = -12251.6692825934  Free energy = -12251.6693555186  E0 = -12251.669319056
cycle= 21 E= -12251.6692825934  delta_E= -0.119  |g|= 4.74  |ddm|=  283
    sigma = 0.01  Optimized mu = -0.0476203770802  entropy = 0.00447712398315
    Total E(T) = -12251.7098624511  Free energy = -12251.7099072223  E0 = -12251.7098848367
cycle= 22 E= -12251.7098624511  delta_E= -0.0406  |g|= 4.72  |ddm|=  105
    sigma = 0.01  Optimized mu = -0.0491804059094  entropy = 0.00509910151489
    Total E(T) = -12251.7724781272  Free energy = -12251.7725291183  E0 = -12251.7725036227
cycle= 23 E= -12251.7724781272  delta_E= -0.0626  |g|= 4.54  |ddm|=  161
    sigma = 0.01  Optimized mu = -0.0487959661898  entropy = 0.00577801749926
    Total E(T) = -12251.835884354  Free energy = -12251.8359421342  E0 = -12251.8359132441
cycle= 24 E= -12251.835884354  delta_E= -0.0634  |g|= 4.24  |ddm|=  219
    sigma = 0.01  Optimized mu = -0.0549997047293  entropy = 0.0117473101699
    Total E(T) = -12251.8921965414  Free energy = -12251.8923140145  E0 = -12251.8922552779
cycle= 25 E= -12251.8921965414  delta_E= -0.0563  |g|= 4.12  |ddm|=  386
    sigma = 0.01  Optimized mu = -0.0511748357355  entropy = 0.00751048207536
    Total E(T) = -12251.9094261463  Free energy = -12251.9095012511  E0 = -12251.9094636987
cycle= 26 E= -12251.9094261463  delta_E= -0.0172  |g|= 4.24  |ddm|= 72.6
    sigma = 0.01  Optimized mu = -0.0757705155487  entropy = 0.0649153991364
    Total E(T) = -12252.0605256031  Free energy = -12252.0611747571  E0 = -12252.0608501801
cycle= 27 E= -12252.0605256031  delta_E= -0.151  |g|= 3.89  |ddm|=  197
    sigma = 0.01  Optimized mu = -0.0725436773777  entropy = 0.048970605903
    Total E(T) = -12252.1971172182  Free energy = -12252.1976069242  E0 = -12252.1973620712
cycle= 28 E= -12252.1971172182  delta_E= -0.137  |g|= 3.64  |ddm|=  228
    sigma = 0.01  Optimized mu = -0.0883962993674  entropy = 0.175898517971
    Total E(T) = -12252.5503036687  Free energy = -12252.5520626539  E0 = -12252.5511831613
cycle= 29 E= -12252.5503036687  delta_E= -0.353  |g|= 2.75  |ddm|=  322
    sigma = 0.01  Optimized mu = -0.141846000604  entropy = 6.3078313972
    Total E(T) = -12251.6118825275  Free energy = -12251.6749608415  E0 = -12251.6434216845
cycle= 30 E= -12251.6118825275  delta_E= 0.938  |g|=  5.8  |ddm|= 1.13e+03
    sigma = 0.01  Optimized mu = -0.109825230008  entropy = 3.01219384495
    Total E(T) = -12252.0169281434  Free energy = -12252.0470500818  E0 = -12252.0319891126
cycle= 31 E= -12252.0169281434  delta_E= -0.405  |g|= 4.47  |ddm|=  553
    sigma = 0.01  Optimized mu = -0.069858296844  entropy = 0.120911624077
    Total E(T) = -12252.140516535  Free energy = -12252.1417256513  E0 = -12252.1411210932
cycle= 32 E= -12252.140516535  delta_E= -0.124  |g|= 4.32  |ddm|=  270
    sigma = 0.01  Optimized mu = -0.0608099918228  entropy = 0.00471188534467
    Total E(T) = -12252.2035509971  Free energy = -12252.2035981159  E0 = -12252.2035745565
cycle= 33 E= -12252.2035509971  delta_E= -0.063  |g|= 4.16  |ddm|=  107
    sigma = 0.01  Optimized mu = -0.060440653138  entropy = 0.00451880994182
    Total E(T) = -12252.1924823659  Free energy = -12252.192527554  E0 = -12252.1925049599
cycle= 34 E= -12252.1924823659  delta_E= 0.0111  |g|= 4.23  |ddm|=  300
    sigma = 0.01  Optimized mu = -0.0584629605432  entropy = 0.00461875497489
    Total E(T) = -12252.1977013107  Free energy = -12252.1977474983  E0 = -12252.1977244045
cycle= 35 E= -12252.1977013107  delta_E= -0.00522  |g|= 4.21  |ddm|=  182
    sigma = 0.01  Optimized mu = -0.0631151772772  entropy = 0.00489439215092
    Total E(T) = -12252.17266172  Free energy = -12252.1727106639  E0 = -12252.172686192
cycle= 36 E= -12252.17266172  delta_E= 0.025  |g|= 4.37  |ddm|=  271
    sigma = 0.01  Optimized mu = -0.0634383276122  entropy = 0.0051598348941
    Total E(T) = -12252.3431271879  Free energy = -12252.3431787862  E0 = -12252.3431529871
cycle= 37 E= -12252.3431271879  delta_E= -0.17  |g|= 4.02  |ddm|=  863
    sigma = 0.01  Optimized mu = -0.0587819424664  entropy = 0.00419013214623
    Total E(T) = -12252.5031333631  Free energy = -12252.5031752645  E0 = -12252.5031543138
cycle= 38 E= -12252.5031333631  delta_E= -0.16  |g|= 3.44  |ddm|=  577
    sigma = 0.01  Optimized mu = -0.0645229740327  entropy = 0.00444732857001
    Total E(T) = -12252.500153887  Free energy = -12252.5001983603  E0 = -12252.5001761237
cycle= 39 E= -12252.500153887  delta_E= 0.00298  |g|= 3.86  |ddm|=  601
    sigma = 0.01  Optimized mu = -0.0529720628458  entropy = 0.01207729984
    Total E(T) = -12252.7492510374  Free energy = -12252.7493718104  E0 = -12252.7493114239
cycle= 40 E= -12252.7492510374  delta_E= -0.249  |g|= 2.55  |ddm|=  526
    sigma = 0.01  Optimized mu = -0.0556530859338  entropy = 0.00671347324001
    Total E(T) = -12252.8292107864  Free energy = -12252.8292779211  E0 = -12252.8292443537
cycle= 41 E= -12252.8292107864  delta_E= -0.08  |g|= 2.36  |ddm|=  240
    sigma = 0.01  Optimized mu = 0.0332715361798  entropy = 7.65043986011
    Total E(T) = -12250.6293835886  Free energy = -12250.7058879872  E0 = -12250.6676357879
cycle= 42 E= -12250.6293835886  delta_E=  2.2  |g|= 7.15  |ddm|= 1.26e+03
    sigma = 0.01  Optimized mu = -0.0120410382444  entropy = 3.37198171124
    Total E(T) = -12251.4280482832  Free energy = -12251.4617681003  E0 = -12251.4449081917
cycle= 43 E= -12251.4280482832  delta_E= -0.799  |g|= 5.44  |ddm|=  771
    sigma = 0.01  Optimized mu = -0.0285771536748  entropy = 0.55338454815
    Total E(T) = -12251.7879908245  Free energy = -12251.79352467  E0 = -12251.7907577473
cycle= 44 E= -12251.7879908245  delta_E= -0.36  |g|= 4.41  |ddm|=  546
    sigma = 0.01  Optimized mu = -0.0534914345311  entropy = 0.0121900200996
    Total E(T) = -12252.0143816389  Free energy = -12252.0145035391  E0 = -12252.014442589
cycle= 45 E= -12252.0143816389  delta_E= -0.226  |g|= 3.96  |ddm|=  274
    sigma = 0.01  Optimized mu = -0.0535420883758  entropy = 0.00829882755233
    Total E(T) = -12252.1514689805  Free energy = -12252.1515519688  E0 = -12252.1515104747
cycle= 46 E= -12252.1514689805  delta_E= -0.137  |g|= 3.73  |ddm|=  176
    sigma = 0.01  Optimized mu = -0.0493770735382  entropy = 0.00533156273898
    Total E(T) = -12252.1537500596  Free energy = -12252.1538033752  E0 = -12252.1537767174
cycle= 47 E= -12252.1537500596  delta_E= -0.00228  |g|= 3.87  |ddm|=  184
    sigma = 0.01  Optimized mu = -0.0521663266076  entropy = 0.00578711450618
    Total E(T) = -12252.2009587588  Free energy = -12252.2010166299  E0 = -12252.2009876943
cycle= 48 E= -12252.2009587588  delta_E= -0.0472  |g|= 3.73  |ddm|=  177
    sigma = 0.01  Optimized mu = -0.0605825483376  entropy = 0.0156046296538
    Total E(T) = -12252.3934050123  Free energy = -12252.3935610586  E0 = -12252.3934830354
cycle= 49 E= -12252.3934050123  delta_E= -0.192  |g|= 3.35  |ddm|=  315
    sigma = 0.01  Optimized mu = -0.079737429005  entropy = 0.0714241650863
    Total E(T) = -12252.7525454866  Free energy = -12252.7532597283  E0 = -12252.7529026075
cycle= 50 E= -12252.7525454866  delta_E= -0.359  |g|=  2.4  |ddm|=  299
    sigma = 0.01  Optimized mu = -0.0559184026856  entropy = 0.00644874787412
    Total E(T) = -12252.8122177608  Free energy = -12252.8122822483  E0 = -12252.8122500046
cycle= 51 E= -12252.8122177608  delta_E= -0.0597  |g|= 2.22  |ddm|=  532
    sigma = 0.01  Optimized mu = -0.0803597869449  entropy = 0.04848940995
    Total E(T) = -12253.0599725188  Free energy = -12253.0604574129  E0 = -12253.0602149658
cycle= 52 E= -12253.0599725188  delta_E= -0.248  |g|=  1.4  |ddm|=  345
    sigma = 0.01  Optimized mu = -0.0708524361352  entropy = 0.016888575413
    Total E(T) = -12253.1606031942  Free energy = -12253.16077208  E0 = -12253.1606876371
cycle= 53 E= -12253.1606031942  delta_E= -0.101  |g|= 1.04  |ddm|=  214
    sigma = 0.01  Optimized mu = -0.0824215794756  entropy = 0.0312351184192
    Total E(T) = -12253.2412514407  Free energy = -12253.2415637919  E0 = -12253.2414076163
cycle= 54 E= -12253.2412514407  delta_E= -0.0806  |g|= 0.342  |ddm|=  273
    sigma = 0.01  Optimized mu = -0.0793204366633  entropy = 0.0304784671192
    Total E(T) = -12253.2575725717  Free energy = -12253.2578773563  E0 = -12253.257724964
cycle= 55 E= -12253.2575725717  delta_E= -0.0163  |g|= 0.349  |ddm|=  308
    sigma = 0.01  Optimized mu = -0.0733370293341  entropy = 0.0151337353597
    Total E(T) = -12253.2566509356  Free energy = -12253.256802273  E0 = -12253.2567266043
cycle= 56 E= -12253.2566509356  delta_E= 0.000922  |g|= 0.478  |ddm|=  103
    sigma = 0.01  Optimized mu = -0.0677177004599  entropy = 0.00883095495494
    Total E(T) = -12253.2503199981  Free energy = -12253.2504083076  E0 = -12253.2503641528
cycle= 57 E= -12253.2503199981  delta_E= 0.00633  |g|= 0.581  |ddm|= 79.4
    sigma = 0.01  Optimized mu = -0.0640415299327  entropy = 0.00626355953129
    Total E(T) = -12253.2441610266  Free energy = -12253.2442236622  E0 = -12253.2441923444
cycle= 58 E= -12253.2441610266  delta_E= 0.00616  |g|= 0.666  |ddm|= 74.6
    sigma = 0.01  Optimized mu = -0.0676821832061  entropy = 0.00831412527134
    Total E(T) = -12253.2129146387  Free energy = -12253.21299778  E0 = -12253.2129562094
cycle= 59 E= -12253.2129146387  delta_E= 0.0312  |g|=    1  |ddm|= 53.4
    sigma = 0.01  Optimized mu = -0.0642622928425  entropy = 0.00624401053986
    Total E(T) = -12253.1839754173  Free energy = -12253.1840378574  E0 = -12253.1840066373
cycle= 60 E= -12253.1839754173  delta_E= 0.0289  |g|=  1.2  |ddm|= 37.6
    sigma = 0.01  Optimized mu = -0.0610993715862  entropy = 0.00437593432417
    Total E(T) = -12253.1887497527  Free energy = -12253.1887935121  E0 = -12253.1887716324
cycle= 61 E= -12253.1887497527  delta_E= -0.00477  |g|= 1.14  |ddm|=  160
    sigma = 0.01  Optimized mu = -0.0585524051597  entropy = 0.00390386673998
    Total E(T) = -12253.2059471126  Free energy = -12253.2059861513  E0 = -12253.205966632
cycle= 62 E= -12253.2059471126  delta_E= -0.0172  |g|= 0.978  |ddm|=  111
    sigma = 0.01  Optimized mu = -0.0575577218157  entropy = 0.00376766561017
    Total E(T) = -12253.2227225525  Free energy = -12253.2227602291  E0 = -12253.2227413908
cycle= 63 E= -12253.2227225525  delta_E= -0.0168  |g|= 0.813  |ddm|= 60.4
    sigma = 0.01  Optimized mu = -0.0568023816575  entropy = 0.00364883434503
    Total E(T) = -12253.2369313406  Free energy = -12253.2369678289  E0 = -12253.2369495848
cycle= 64 E= -12253.2369313406  delta_E= -0.0142  |g|= 0.691  |ddm|= 57.4
    sigma = 0.01  Optimized mu = -0.0571651609067  entropy = 0.00362907063659
    Total E(T) = -12253.2446276201  Free energy = -12253.2446639108  E0 = -12253.2446457655
cycle= 65 E= -12253.2446276201  delta_E= -0.0077  |g|= 0.627  |ddm|= 28.8
    sigma = 0.01  Optimized mu = -0.056476235048  entropy = 0.00355560539229
    Total E(T) = -12253.2531139402  Free energy = -12253.2531494963  E0 = -12253.2531317182
cycle= 66 E= -12253.2531139402  delta_E= -0.00849  |g|= 0.526  |ddm|= 24.4
    sigma = 0.01  Optimized mu = -0.0564229896297  entropy = 0.00352194741785
    Total E(T) = -12253.2617372613  Free energy = -12253.2617724808  E0 = -12253.261754871
cycle= 67 E= -12253.2617372613  delta_E= -0.00862  |g|= 0.404  |ddm|= 74.5
    sigma = 0.01  Optimized mu = -0.0559424465992  entropy = 0.00346893416443
    Total E(T) = -12253.2689371349  Free energy = -12253.2689718243  E0 = -12253.2689544796
cycle= 68 E= -12253.2689371349  delta_E= -0.0072  |g|= 0.275  |ddm|= 41.1
    sigma = 0.01  Optimized mu = -0.0560039464484  entropy = 0.00337787689943
    Total E(T) = -12253.2732033873  Free energy = -12253.273237166  E0 = -12253.2732202766
cycle= 69 E= -12253.2732033873  delta_E= -0.00427  |g|= 0.172  |ddm|= 48.5
    sigma = 0.01  Optimized mu = -0.0559552377447  entropy = 0.00336831132556
    Total E(T) = -12253.2754509053  Free energy = -12253.2754845884  E0 = -12253.2754677469
cycle= 70 E= -12253.2754509053  delta_E= -0.00225  |g|= 0.102  |ddm|= 19.8
    sigma = 0.01  Optimized mu = -0.0559387681568  entropy = 0.00334108010053
    Total E(T) = -12253.2766891437  Free energy = -12253.2767225545  E0 = -12253.2767058491
cycle= 71 E= -12253.2766891437  delta_E= -0.00124  |g|= 0.0621  |ddm|= 19.4
    sigma = 0.01  Optimized mu = -0.0559795003532  entropy = 0.00332636956587
    Total E(T) = -12253.2774105859  Free energy = -12253.2774438495  E0 = -12253.2774272177
cycle= 72 E= -12253.2774105859  delta_E= -0.000721  |g|= 0.0384  |ddm|= 15.7
    sigma = 0.01  Optimized mu = -0.0561012641204  entropy = 0.0033210062082
    Total E(T) = -12253.2779011323  Free energy = -12253.2779343423  E0 = -12253.2779177373
cycle= 73 E= -12253.2779011323  delta_E= -0.000491  |g|= 0.0176  |ddm|=   15
    sigma = 0.01  Optimized mu = -0.0563007198533  entropy = 0.00332441719653
    Total E(T) = -12253.2782700442  Free energy = -12253.2783032884  E0 = -12253.2782866663
cycle= 74 E= -12253.2782700442  delta_E= -0.000369  |g|= 0.0215  |ddm|= 18.6
    sigma = 0.01  Optimized mu = -0.0563743104603  entropy = 0.0033238621509
    Total E(T) = -12253.2785871912  Free energy = -12253.2786204298  E0 = -12253.2786038105
cycle= 75 E= -12253.2785871912  delta_E= -0.000317  |g|= 0.0317  |ddm|= 26.2
    sigma = 0.01  Optimized mu = -0.0563515727458  entropy = 0.00331005166689
    Total E(T) = -12253.2788840858  Free energy = -12253.2789171863  E0 = -12253.278900636
cycle= 76 E= -12253.2788840858  delta_E= -0.000297  |g|= 0.0297  |ddm|= 11.8
    sigma = 0.01  Optimized mu = -0.0563405139582  entropy = 0.00329723354676
    Total E(T) = -12253.2791785948  Free energy = -12253.2792115671  E0 = -12253.2791950809
cycle= 77 E= -12253.2791785948  delta_E= -0.000295  |g|= 0.027  |ddm|= 11.7
    sigma = 0.01  Optimized mu = -0.0563421091052  entropy = 0.00328862974282
    Total E(T) = -12253.2794656583  Free energy = -12253.2794985446  E0 = -12253.2794821015
cycle= 78 E= -12253.2794656583  delta_E= -0.000287  |g|= 0.0252  |ddm|= 12.1
    sigma = 0.01  Optimized mu = -0.0562907401655  entropy = 0.00327183253271
    Total E(T) = -12253.2797707627  Free energy = -12253.2798034811  E0 = -12253.2797871219
cycle= 79 E= -12253.2797707627  delta_E= -0.000305  |g|= 0.0199  |ddm|=   11
    sigma = 0.01  Optimized mu = -0.056294810561  entropy = 0.00325843369522
    Total E(T) = -12253.2800618557  Free energy = -12253.28009444  E0 = -12253.2800781478
cycle= 80 E= -12253.2800618557  delta_E= -0.000291  |g|= 0.0139  |ddm|= 10.4
    sigma = 0.01  Optimized mu = -0.0562588981091  entropy = 0.00324990385451
    Total E(T) = -12253.2803455008  Free energy = -12253.2803779999  E0 = -12253.2803617503
cycle= 81 E= -12253.2803455008  delta_E= -0.000284  |g|= 0.00999  |ddm|= 10.5
    sigma = 0.01  Optimized mu = -0.056277840568  entropy = 0.00324359013016
    Total E(T) = -12253.2806178864  Free energy = -12253.2806503223  E0 = -12253.2806341043
cycle= 82 E= -12253.2806178864  delta_E= -0.000272  |g|= 0.00746  |ddm|= 9.37
    sigma = 0.01  Optimized mu = -0.0562991141931  entropy = 0.00323768190016
    Total E(T) = -12253.2808563781  Free energy = -12253.2808887549  E0 = -12253.2808725665
cycle= 83 E= -12253.2808563781  delta_E= -0.000238  |g|= 0.00871  |ddm|= 7.82
    sigma = 0.01  Optimized mu = -0.0562927458021  entropy = 0.00322818899985
    Total E(T) = -12253.2811024969  Free energy = -12253.2811347787  E0 = -12253.2811186378
cycle= 84 E= -12253.2811024969  delta_E= -0.000246  |g|= 0.00861  |ddm|= 8.46
    sigma = 0.01  Optimized mu = -0.0562915411127  entropy = 0.00322444128525
    Total E(T) = -12253.2813362895  Free energy = -12253.2813685339  E0 = -12253.2813524117
cycle= 85 E= -12253.2813362895  delta_E= -0.000234  |g|= 0.0106  |ddm|= 7.81
    sigma = 0.01  Optimized mu = -0.0562848607507  entropy = 0.00321627284549
    Total E(T) = -12253.2815563428  Free energy = -12253.2815885055  E0 = -12253.2815724242
cycle= 86 E= -12253.2815563428  delta_E= -0.00022  |g|= 0.0142  |ddm|= 7.17
    sigma = 0.01  Optimized mu = -0.056256308632  entropy = 0.00320355934331
    Total E(T) = -12253.2817142654  Free energy = -12253.2817463009  E0 = -12253.2817302831
cycle= 87 E= -12253.2817142654  delta_E= -0.000158  |g|= 0.025  |ddm|= 6.46
    sigma = 0.01  Optimized mu = -0.0562537062007  entropy = 0.00319761356064
    Total E(T) = -12253.2818353285  Free energy = -12253.2818673047  E0 = -12253.2818513166
cycle= 88 E= -12253.2818353285  delta_E= -0.000121  |g|= 0.0356  |ddm|=  5.3
    sigma = 0.01  Optimized mu = -0.0562473727727  entropy = 0.00319553658897
    Total E(T) = -12253.2819392641  Free energy = -12253.2819712195  E0 = -12253.2819552418
cycle= 89 E= -12253.2819392641  delta_E= -0.000104  |g|= 0.042  |ddm|= 4.46
    sigma = 0.01  Optimized mu = -0.0562608872777  entropy = 0.00319885804795
    Total E(T) = -12253.2819953725  Free energy = -12253.2820273611  E0 = -12253.2820113668
cycle= 90 E= -12253.2819953725  delta_E= -5.61e-05  |g|= 0.0499  |ddm|= 4.32
    sigma = 0.01  Optimized mu = -0.0562402616254  entropy = 0.00319725308978
    Total E(T) = -12253.2820440982  Free energy = -12253.2820760707  E0 = -12253.2820600845
cycle= 91 E= -12253.2820440982  delta_E= -4.87e-05  |g|= 0.0566  |ddm|= 3.56
    sigma = 0.01  Optimized mu = -0.0562628373212  entropy = 0.00319734084464
    Total E(T) = -12253.2821284658  Free energy = -12253.2821604392  E0 = -12253.2821444525
cycle= 92 E= -12253.2821284658  delta_E= -8.44e-05  |g|= 0.058  |ddm|= 3.97
    sigma = 0.01  Optimized mu = -0.056298572492  entropy = 0.00320738972348
    Total E(T) = -12253.2821947548  Free energy = -12253.2822268287  E0 = -12253.2822107918
cycle= 93 E= -12253.2821947548  delta_E= -6.63e-05  |g|= 0.0599  |ddm|= 4.01
    sigma = 0.01  Optimized mu = -0.0563014926428  entropy = 0.00320148965895
    Total E(T) = -12253.2822717405  Free energy = -12253.2823037554  E0 = -12253.2822877479
cycle= 94 E= -12253.2822717405  delta_E= -7.7e-05  |g|= 0.061  |ddm|= 3.83
    sigma = 0.01  Optimized mu = -0.056251583234  entropy = 0.00317345584057
    Total E(T) = -12253.2824030443  Free energy = -12253.2824347788  E0 = -12253.2824189115
cycle= 95 E= -12253.2824030443  delta_E= -0.000131  |g|= 0.0612  |ddm|= 5.65
    sigma = 0.01  Optimized mu = -0.0562903938054  entropy = 0.00318800266564
    Total E(T) = -12253.2825651263  Free energy = -12253.2825970063  E0 = -12253.2825810663
cycle= 96 E= -12253.2825651263  delta_E= -0.000162  |g|= 0.0548  |ddm|= 8.05
    sigma = 0.01  Optimized mu = -0.0563355598612  entropy = 0.0031891386696
    Total E(T) = -12253.2827277028  Free energy = -12253.2827595942  E0 = -12253.2827436485
cycle= 97 E= -12253.2827277028  delta_E= -0.000163  |g|= 0.051  |ddm|= 6.37
    sigma = 0.01  Optimized mu = -0.0562867770512  entropy = 0.00316586170422
    Total E(T) = -12253.2828439217  Free energy = -12253.2828755803  E0 = -12253.282859751
cycle= 98 E= -12253.2828439217  delta_E= -0.000116  |g|= 0.0597  |ddm|= 5.41
    sigma = 0.01  Optimized mu = -0.0563154683911  entropy = 0.00316739382386
    Total E(T) = -12253.2830638816  Free energy = -12253.2830955555  E0 = -12253.2830797185
cycle= 99 E= -12253.2830638816  delta_E= -0.00022  |g|= 0.0506  |ddm|= 9.05
    sigma = 0.01  Optimized mu = -0.0563015679431  entropy = 0.00315590433558
    Total E(T) = -12253.2832459549  Free energy = -12253.2832775139  E0 = -12253.2832617344
cycle= 100 E= -12253.2832459549  delta_E= -0.000182  |g|= 0.0501  |ddm|= 6.34
    sigma = 0.01  Optimized mu = -0.0563459437081  entropy = 0.00315663736437
    Total E(T) = -12253.2835678306  Free energy = -12253.2835993969  E0 = -12253.2835836137
cycle= 101 E= -12253.2835678306  delta_E= -0.000322  |g|= 0.0376  |ddm|= 15.9
    sigma = 0.01  Optimized mu = -0.0563558486871  entropy = 0.00314829477927
    Total E(T) = -12253.2838476116  Free energy = -12253.2838790946  E0 = -12253.2838633531
cycle= 102 E= -12253.2838476116  delta_E= -0.00028  |g|= 0.0287  |ddm|= 10.1
    sigma = 0.01  Optimized mu = -0.0563552939453  entropy = 0.00315343013114
    Total E(T) = -12253.28421454  Free energy = -12253.2842460743  E0 = -12253.2842303071
cycle= 103 E= -12253.28421454  delta_E= -0.000367  |g|= 0.0228  |ddm|= 23.6
    sigma = 0.01  Optimized mu = -0.0563666006076  entropy = 0.00313657840869
    Total E(T) = -12253.2844966287  Free energy = -12253.2845279945  E0 = -12253.2845123116
cycle= 104 E= -12253.2844966287  delta_E= -0.000282  |g|= 0.0122  |ddm|= 9.92
    sigma = 0.01  Optimized mu = -0.056373046165  entropy = 0.00312516659042
    Total E(T) = -12253.2847381458  Free energy = -12253.2847693975  E0 = -12253.2847537717
cycle= 105 E= -12253.2847381458  delta_E= -0.000242  |g|= 0.0113  |ddm|=  8.8
    sigma = 0.01  Optimized mu = -0.0563123817842  entropy = 0.00310959991315
    Total E(T) = -12253.2849945292  Free energy = -12253.2850256252  E0 = -12253.2850100772
cycle= 106 E= -12253.2849945292  delta_E= -0.000256  |g|= 0.00872  |ddm|= 8.76
    sigma = 0.01  Optimized mu = -0.056330223175  entropy = 0.0031012417512
    Total E(T) = -12253.2852517384  Free energy = -12253.2852827509  E0 = -12253.2852672446
cycle= 107 E= -12253.2852517384  delta_E= -0.000257  |g|= 0.00755  |ddm|= 8.92
    sigma = 0.01  Optimized mu = -0.056303354082  entropy = 0.00308501186414
    Total E(T) = -12253.2855493042  Free energy = -12253.2855801543  E0 = -12253.2855647292
cycle= 108 E= -12253.2855493042  delta_E= -0.000298  |g|= 0.0092  |ddm|= 11.1
    sigma = 0.01  Optimized mu = -0.0562209179711  entropy = 0.00306278456492
    Total E(T) = -12253.2859130106  Free energy = -12253.2859436385  E0 = -12253.2859283245
cycle= 109 E= -12253.2859130106  delta_E= -0.000364  |g|= 0.0167  |ddm|= 15.4
    sigma = 0.01  Optimized mu = -0.0562200252634  entropy = 0.00304255769461
    Total E(T) = -12253.2862776177  Free energy = -12253.2863080433  E0 = -12253.2862928305
cycle= 110 E= -12253.2862776177  delta_E= -0.000365  |g|= 0.0233  |ddm|= 14.2
    sigma = 0.01  Optimized mu = -0.0562827082828  entropy = 0.00305104488468
    Total E(T) = -12253.2865316103  Free energy = -12253.2865621208  E0 = -12253.2865468656
cycle= 111 E= -12253.2865316103  delta_E= -0.000254  |g|= 0.0159  |ddm|= 9.26
    sigma = 0.01  Optimized mu = -0.0563324929526  entropy = 0.00303664878193
    Total E(T) = -12253.2868198428  Free energy = -12253.2868502093  E0 = -12253.2868350261
cycle= 112 E= -12253.2868198428  delta_E= -0.000288  |g|= 0.0151  |ddm|= 12.3
    sigma = 0.01  Optimized mu = -0.0562837415939  entropy = 0.0030103386312
    Total E(T) = -12253.287180115  Free energy = -12253.2872102184  E0 = -12253.2871951667
cycle= 113 E= -12253.287180115  delta_E= -0.00036  |g|= 0.0318  |ddm|= 23.8
    sigma = 0.01  Optimized mu = -0.0563474907603  entropy = 0.00301092273735
    Total E(T) = -12253.2875132341  Free energy = -12253.2875433433  E0 = -12253.2875282887
cycle= 114 E= -12253.2875132341  delta_E= -0.000333  |g|= 0.033  |ddm|= 14.7
    sigma = 0.01  Optimized mu = -0.0564994151911  entropy = 0.00307275185937
    Total E(T) = -12253.2877415393  Free energy = -12253.2877722668  E0 = -12253.287756903
cycle= 115 E= -12253.2877415393  delta_E= -0.000228  |g|= 0.0236  |ddm|= 11.7
    sigma = 0.01  Optimized mu = -0.0565386584498  entropy = 0.00306096975796
    Total E(T) = -12253.2880606267  Free energy = -12253.2880912364  E0 = -12253.2880759316
cycle= 116 E= -12253.2880606267  delta_E= -0.000319  |g|= 0.0431  |ddm|= 32.7
    sigma = 0.01  Optimized mu = -0.0565424464726  entropy = 0.00304352594237
    Total E(T) = -12253.2883306462  Free energy = -12253.2883610815  E0 = -12253.2883458639
cycle= 117 E= -12253.2883306462  delta_E= -0.00027  |g|= 0.0349  |ddm|= 9.81
    sigma = 0.01  Optimized mu = -0.0565127345022  entropy = 0.00302872061538
    Total E(T) = -12253.2885807223  Free energy = -12253.2886110095  E0 = -12253.2885958659
cycle= 118 E= -12253.2885807223  delta_E= -0.00025  |g|= 0.0361  |ddm|= 10.9
    sigma = 0.01  Optimized mu = -0.0564547517082  entropy = 0.00301150876169
    Total E(T) = -12253.2888233642  Free energy = -12253.2888534793  E0 = -12253.2888384217
cycle= 119 E= -12253.2888233642  delta_E= -0.000243  |g|= 0.0339  |ddm|= 9.85
    sigma = 0.01  Optimized mu = -0.0564527272885  entropy = 0.00299914900852
    Total E(T) = -12253.2890571318  Free energy = -12253.2890871233  E0 = -12253.2890721276
cycle= 120 E= -12253.2890571318  delta_E= -0.000234  |g|= 0.0338  |ddm|= 11.2
    sigma = 0.01  Optimized mu = -0.0564611481788  entropy = 0.0030040025919
    Total E(T) = -12253.2892782488  Free energy = -12253.2893082888  E0 = -12253.2892932688
cycle= 121 E= -12253.2892782488  delta_E= -0.000221  |g|= 0.0292  |ddm|= 8.21
    sigma = 0.01  Optimized mu = -0.0564804279025  entropy = 0.00301128328063
    Total E(T) = -12253.289488265  Free energy = -12253.2895183778  E0 = -12253.2895033214
cycle= 122 E= -12253.289488265  delta_E= -0.00021  |g|= 0.0249  |ddm|= 7.64
    sigma = 0.01  Optimized mu = -0.0563364944384  entropy = 0.00301248248532
    Total E(T) = -12253.2896588976  Free energy = -12253.2896890224  E0 = -12253.28967396
cycle= 123 E= -12253.2896588976  delta_E= -0.000171  |g|= 0.0115  |ddm|= 16.7
    sigma = 0.01  Optimized mu = -0.0563377253407  entropy = 0.00300026847651
    Total E(T) = -12253.2897751823  Free energy = -12253.289805185  E0 = -12253.2897901836
cycle= 124 E= -12253.2897751823  delta_E= -0.000116  |g|= 0.0138  |ddm|= 7.43
    sigma = 0.01  Optimized mu = -0.0563541312231  entropy = 0.00300051890389
    Total E(T) = -12253.2898825559  Free energy = -12253.2899125611  E0 = -12253.2898975585
cycle= 125 E= -12253.2898825559  delta_E= -0.000107  |g|= 0.0178  |ddm|= 6.57
    sigma = 0.01  Optimized mu = -0.0563687007516  entropy = 0.00299878185826
    Total E(T) = -12253.2899764497  Free energy = -12253.2900064376  E0 = -12253.2899914436
cycle= 126 E= -12253.2899764497  delta_E= -9.39e-05  |g|= 0.0208  |ddm|= 4.19
    sigma = 0.01  Optimized mu = -0.0564078523611  entropy = 0.00300927713167
    Total E(T) = -12253.2900345749  Free energy = -12253.2900646677  E0 = -12253.2900496213
cycle= 127 E= -12253.2900345749  delta_E= -5.81e-05  |g|= 0.0274  |ddm|= 4.05
    sigma = 0.01  Optimized mu = -0.0563903526414  entropy = 0.0030051214495
    Total E(T) = -12253.2901011285  Free energy = -12253.2901311797  E0 = -12253.2901161541
cycle= 128 E= -12253.2901011285  delta_E= -6.66e-05  |g|= 0.0306  |ddm|=  2.7
    sigma = 0.01  Optimized mu = -0.0563961821237  entropy = 0.00300781876657
    Total E(T) = -12253.2901419494  Free energy = -12253.2901720276  E0 = -12253.2901569885
cycle= 129 E= -12253.2901419494  delta_E= -4.08e-05  |g|= 0.0348  |ddm|= 2.18
    sigma = 0.01  Optimized mu = -0.0563763803155  entropy = 0.0030094574356
    Total E(T) = -12253.290170952  Free energy = -12253.2902010465  E0 = -12253.2901859993
cycle= 130 E= -12253.290170952  delta_E= -2.9e-05  |g|= 0.0376  |ddm|= 5.41
    sigma = 0.01  Optimized mu = -0.056364430045  entropy = 0.00300915216835
    Total E(T) = -12253.2901917021  Free energy = -12253.2902217936  E0 = -12253.2902067478
cycle= 131 E= -12253.2901917021  delta_E= -2.08e-05  |g|= 0.0364  |ddm|= 3.56
    sigma = 0.01  Optimized mu = -0.056402046984  entropy = 0.00301329406264
    Total E(T) = -12253.2902053792  Free energy = -12253.2902355122  E0 = -12253.2902204457
cycle= 132 E= -12253.2902053792  delta_E= -1.37e-05  |g|= 0.0377  |ddm|=    2
    sigma = 0.01  Optimized mu = -0.0564438991157  entropy = 0.00302608802977
    Total E(T) = -12253.2902573351  Free energy = -12253.290287596  E0 = -12253.2902724655
cycle= 133 E= -12253.2902573351  delta_E= -5.2e-05  |g|= 0.0338  |ddm|= 6.85
    sigma = 0.01  Optimized mu = -0.0564249619078  entropy = 0.00301925307943
    Total E(T) = -12253.2903858592  Free energy = -12253.2904160518  E0 = -12253.2904009555
cycle= 134 E= -12253.2903858592  delta_E= -0.000129  |g|= 0.0323  |ddm|= 5.92
    sigma = 0.01  Optimized mu = -0.0565164729725  entropy = 0.00302341915899
    Total E(T) = -12253.2905230998  Free energy = -12253.290553334  E0 = -12253.2905382169
cycle= 135 E= -12253.2905230998  delta_E= -0.000137  |g|= 0.0322  |ddm|= 5.94
    sigma = 0.01  Optimized mu = -0.0564772987302  entropy = 0.00301187684354
    Total E(T) = -12253.2906316717  Free energy = -12253.2906617904  E0 = -12253.290646731
cycle= 136 E= -12253.2906316717  delta_E= -0.000109  |g|= 0.0337  |ddm|= 5.08
    sigma = 0.01  Optimized mu = -0.0564995999707  entropy = 0.00301543133517
    Total E(T) = -12253.2906973119  Free energy = -12253.2907274662  E0 = -12253.2907123891
cycle= 137 E= -12253.2906973119  delta_E= -6.56e-05  |g|= 0.034  |ddm|= 3.86
    sigma = 0.01  Optimized mu = -0.0565201399153  entropy = 0.00301954567567
    Total E(T) = -12253.2907495953  Free energy = -12253.2907797908  E0 = -12253.290764693
cycle= 138 E= -12253.2907495953  delta_E= -5.23e-05  |g|= 0.0355  |ddm|= 2.89
    sigma = 0.01  Optimized mu = -0.0565579946041  entropy = 0.00302949904532
    Total E(T) = -12253.2907657063  Free energy = -12253.2907960013  E0 = -12253.2907808538
cycle= 139 E= -12253.2907657063  delta_E= -1.61e-05  |g|= 0.0369  |ddm|= 2.87
    sigma = 0.01  Optimized mu = -0.056569229838  entropy = 0.00302576572537
    Total E(T) = -12253.2908084759  Free energy = -12253.2908387335  E0 = -12253.2908236047
cycle= 140 E= -12253.2908084759  delta_E= -4.28e-05  |g|= 0.0354  |ddm|= 2.79
    sigma = 0.01  Optimized mu = -0.0564132677028  entropy = 0.00306241204965
    Total E(T) = -12253.2907176659  Free energy = -12253.29074829  E0 = -12253.2907329779
cycle= 141 E= -12253.2907176659  delta_E= 9.08e-05  |g|= 0.0571  |ddm|= 24.5
    sigma = 0.01  Optimized mu = -0.0567369941864  entropy = 0.00305781716103
    Total E(T) = -12253.2907376195  Free energy = -12253.2907681976  E0 = -12253.2907529085
cycle= 142 E= -12253.2907376195  delta_E= -2e-05  |g|= 0.0502  |ddm|=   15
    sigma = 0.01  Optimized mu = -0.0567259137927  entropy = 0.00305792618998
    Total E(T) = -12253.2907712653  Free energy = -12253.2908018446  E0 = -12253.2907865549
cycle= 143 E= -12253.2907712653  delta_E= -3.36e-05  |g|= 0.0491  |ddm|= 6.61
    sigma = 0.01  Optimized mu = -0.0566513573534  entropy = 0.00304649748817
    Total E(T) = -12253.2908154757  Free energy = -12253.2908459407  E0 = -12253.2908307082
cycle= 144 E= -12253.2908154757  delta_E= -4.42e-05  |g|= 0.0516  |ddm|= 3.06
    sigma = 0.01  Optimized mu = -0.0566124850417  entropy = 0.00303056726288
    Total E(T) = -12253.2909046824  Free energy = -12253.2909349881  E0 = -12253.2909198352
cycle= 145 E= -12253.2909046824  delta_E= -8.92e-05  |g|= 0.0554  |ddm|= 7.62
    sigma = 0.01  Optimized mu = -0.0566523323919  entropy = 0.00302563661001
    Total E(T) = -12253.2911272091  Free energy = -12253.2911574654  E0 = -12253.2911423373
cycle= 146 E= -12253.2911272091  delta_E= -0.000223  |g|= 0.0526  |ddm|=  7.7
    sigma = 0.01  Optimized mu = -0.0566455669994  entropy = 0.00302980703835
    Total E(T) = -12253.2913068974  Free energy = -12253.2913371955  E0 = -12253.2913220465
cycle= 147 E= -12253.2913068974  delta_E= -0.00018  |g|= 0.058  |ddm|= 6.34
    sigma = 0.01  Optimized mu = -0.0566285080358  entropy = 0.00302637000033
    Total E(T) = -12253.2915856507  Free energy = -12253.2916159144  E0 = -12253.2916007825
cycle= 148 E= -12253.2915856507  delta_E= -0.000279  |g|= 0.053  |ddm|= 6.27
    sigma = 0.01  Optimized mu = -0.0565973965406  entropy = 0.00303257313082
    Total E(T) = -12253.2917964234  Free energy = -12253.2918267492  E0 = -12253.2918115863
cycle= 149 E= -12253.2917964234  delta_E= -0.000211  |g|= 0.0575  |ddm|= 13.9
    sigma = 0.01  Optimized mu = -0.0564845131504  entropy = 0.00303188259483
    Total E(T) = -12253.2919879732  Free energy = -12253.292018292  E0 = -12253.2920031326
cycle= 150 E= -12253.2919879732  delta_E= -0.000192  |g|= 0.0713  |ddm|= 25.5
    sigma = 0.01  Optimized mu = -0.0565441532075  entropy = 0.00304469952714
    Total E(T) = -12253.2923130851  Free energy = -12253.2923435321  E0 = -12253.2923283086
cycle= 151 E= -12253.2923130851  delta_E= -0.000325  |g|= 0.0861  |ddm|= 19.5
    sigma = 0.01  Optimized mu = -0.0565328191647  entropy = 0.0030318553568
    Total E(T) = -12253.2926350966  Free energy = -12253.2926654151  E0 = -12253.2926502559
cycle= 152 E= -12253.2926350966  delta_E= -0.000322  |g|= 0.0853  |ddm|= 11.5
    sigma = 0.01  Optimized mu = -0.0561342778973  entropy = 0.0029246731292
    Total E(T) = -12253.29291735  Free energy = -12253.2929465968  E0 = -12253.2929319734
cycle= 153 E= -12253.29291735  delta_E= -0.000282  |g|= 0.0899  |ddm|=   26
    sigma = 0.01  Optimized mu = -0.0562717317697  entropy = 0.00298712923041
    Total E(T) = -12253.2933672355  Free energy = -12253.2933971068  E0 = -12253.2933821711
cycle= 154 E= -12253.2933672355  delta_E= -0.00045  |g|= 0.0691  |ddm|= 18.9
    sigma = 0.01  Optimized mu = -0.0560814851858  entropy = 0.00296557369448
    Total E(T) = -12253.2936647897  Free energy = -12253.2936944455  E0 = -12253.2936796176
cycle= 155 E= -12253.2936647897  delta_E= -0.000298  |g|= 0.0794  |ddm|= 17.6
    sigma = 0.01  Optimized mu = -0.0562673464797  entropy = 0.00297018855696
    Total E(T) = -12253.2940705283  Free energy = -12253.2941002302  E0 = -12253.2940853792
cycle= 156 E= -12253.2940705283  delta_E= -0.000406  |g|= 0.0819  |ddm|= 19.7
    sigma = 0.01  Optimized mu = -0.0564801248415  entropy = 0.00298909647527
    Total E(T) = -12253.2946185072  Free energy = -12253.2946483982  E0 = -12253.2946334527
cycle= 157 E= -12253.2946185072  delta_E= -0.000548  |g|= 0.0748  |ddm|= 8.96
    sigma = 0.01  Optimized mu = -0.0564611727535  entropy = 0.00298589181848
    Total E(T) = -12253.2949772456  Free energy = -12253.2950071045  E0 = -12253.2949921751
cycle= 158 E= -12253.2949772456  delta_E= -0.000359  |g|= 0.0841  |ddm|= 5.69
    sigma = 0.01  Optimized mu = -0.0563935413787  entropy = 0.00299958545234
    Total E(T) = -12253.2952674776  Free energy = -12253.2952974734  E0 = -12253.2952824755
cycle= 159 E= -12253.2952674776  delta_E= -0.00029  |g|= 0.137  |ddm|= 21.5
    sigma = 0.01  Optimized mu = -0.056552867881  entropy = 0.00298633921126
    Total E(T) = -12253.2956970353  Free energy = -12253.2957268987  E0 = -12253.295711967
cycle= 160 E= -12253.2956970353  delta_E= -0.00043  |g|= 0.124  |ddm|= 11.6
    sigma = 0.01  Optimized mu = -0.0565549740138  entropy = 0.00296990737782
    Total E(T) = -12253.2961127904  Free energy = -12253.2961424895  E0 = -12253.2961276399
cycle= 161 E= -12253.2961127904  delta_E= -0.000416  |g|= 0.142  |ddm|= 24.4
    sigma = 0.01  Optimized mu = -0.057250953208  entropy = 0.00298155146677
    Total E(T) = -12253.2969669213  Free energy = -12253.2969967369  E0 = -12253.2969818291
cycle= 162 E= -12253.2969669213  delta_E= -0.000854  |g|= 0.141  |ddm|= 56.1
    sigma = 0.01  Optimized mu = -0.0573221437367  entropy = 0.00296784537062
    Total E(T) = -12253.2978567983  Free energy = -12253.2978864768  E0 = -12253.2978716376
cycle= 163 E= -12253.2978567983  delta_E= -0.00089  |g|= 0.142  |ddm|= 58.3
    sigma = 0.01  Optimized mu = -0.0570918506988  entropy = 0.00295582655424
    Total E(T) = -12253.2987842225  Free energy = -12253.2988137808  E0 = -12253.2987990017
cycle= 164 E= -12253.2987842225  delta_E= -0.000927  |g|= 0.132  |ddm|= 29.5
    sigma = 0.01  Optimized mu = -0.0568661249173  entropy = 0.00292235053828
    Total E(T) = -12253.2995021389  Free energy = -12253.2995313624  E0 = -12253.2995167506
cycle= 165 E= -12253.2995021389  delta_E= -0.000718  |g|= 0.141  |ddm|= 24.8
    sigma = 0.01  Optimized mu = -0.0568772316002  entropy = 0.00289199372107
    Total E(T) = -12253.3003322045  Free energy = -12253.3003611244  E0 = -12253.3003466645
cycle= 166 E= -12253.3003322045  delta_E= -0.00083  |g|= 0.138  |ddm|= 66.1
    sigma = 0.01  Optimized mu = -0.0569227136857  entropy = 0.00291107316372
    Total E(T) = -12253.3017071385  Free energy = -12253.3017362493  E0 = -12253.3017216939
cycle= 167 E= -12253.3017071385  delta_E= -0.00137  |g|= 0.0965  |ddm|= 91.4
    sigma = 0.01  Optimized mu = -0.0566905675462  entropy = 0.00292165825339
    Total E(T) = -12253.3026375539  Free energy = -12253.3026667705  E0 = -12253.3026521622
cycle= 168 E= -12253.3026375539  delta_E= -0.00093  |g|= 0.0735  |ddm|=   59
    sigma = 0.01  Optimized mu = -0.0560350672972  entropy = 0.00304183525459
    Total E(T) = -12253.3035721104  Free energy = -12253.3036025288  E0 = -12253.3035873196
cycle= 169 E= -12253.3035721104  delta_E= -0.000935  |g|= 0.0394  |ddm|= 97.6
    sigma = 0.01  Optimized mu = -0.0561807494604  entropy = 0.00302820082786
    Total E(T) = -12253.3041882645  Free energy = -12253.3042185465  E0 = -12253.3042034055
cycle= 170 E= -12253.3041882645  delta_E= -0.000616  |g|= 0.0498  |ddm|= 45.9
    sigma = 0.01  Optimized mu = -0.0547311883133  entropy = 0.00340421125611
    Total E(T) = -12253.304982347  Free energy = -12253.3050163891  E0 = -12253.304999368
cycle= 171 E= -12253.304982347  delta_E= -0.000794  |g|= 0.0357  |ddm|=  115
    sigma = 0.01  Optimized mu = -0.0548921249696  entropy = 0.00332490182254
    Total E(T) = -12253.3055631995  Free energy = -12253.3055964485  E0 = -12253.305579824
cycle= 172 E= -12253.3055631995  delta_E= -0.000581  |g|= 0.015  |ddm|=   36
    sigma = 0.01  Optimized mu = -0.0546011610257  entropy = 0.00338863391681
    Total E(T) = -12253.3060942617  Free energy = -12253.306128148  E0 = -12253.3061112048
cycle= 173 E= -12253.3060942617  delta_E= -0.000531  |g|= 0.0146  |ddm|= 27.7
    sigma = 0.01  Optimized mu = -0.0548746978232  entropy = 0.00329579280635
    Total E(T) = -12253.3064484098  Free energy = -12253.3064813678  E0 = -12253.3064648888
cycle= 174 E= -12253.3064484098  delta_E= -0.000354  |g|= 0.0362  |ddm|= 9.14
    sigma = 0.01  Optimized mu = -0.0547639937814  entropy = 0.00333459450712
    Total E(T) = -12253.3068257579  Free energy = -12253.3068591038  E0 = -12253.3068424308
cycle= 175 E= -12253.3068257579  delta_E= -0.000377  |g|= 0.0509  |ddm|= 12.9
    sigma = 0.01  Optimized mu = -0.0547042236583  entropy = 0.00333790187614
    Total E(T) = -12253.3071675044  Free energy = -12253.3072008834  E0 = -12253.3071841939
cycle= 176 E= -12253.3071675044  delta_E= -0.000342  |g|= 0.0633  |ddm|= 8.63
    sigma = 0.01  Optimized mu = -0.0545012819061  entropy = 0.00337225227631
    Total E(T) = -12253.3075153174  Free energy = -12253.30754904  E0 = -12253.3075321787
cycle= 177 E= -12253.3075153174  delta_E= -0.000348  |g|= 0.072  |ddm|= 9.98
    sigma = 0.01  Optimized mu = -0.0545296213364  entropy = 0.00333864745681
    Total E(T) = -12253.3078081365  Free energy = -12253.307841523  E0 = -12253.3078248297
cycle= 178 E= -12253.3078081365  delta_E= -0.000293  |g|= 0.0775  |ddm|= 11.5
    sigma = 0.01  Optimized mu = -0.0549541391111  entropy = 0.00323159232698
    Total E(T) = -12253.3078914577  Free energy = -12253.3079237736  E0 = -12253.3079076156
cycle= 179 E= -12253.3078914577  delta_E= -8.33e-05  |g|= 0.0918  |ddm|= 19.5
    sigma = 0.01  Optimized mu = -0.0550903320386  entropy = 0.00320020810869
    Total E(T) = -12253.3079227659  Free energy = -12253.307954768  E0 = -12253.3079387669
cycle= 180 E= -12253.3079227659  delta_E= -3.13e-05  |g|= 0.104  |ddm|= 14.4
    sigma = 0.01  Optimized mu = -0.0549864713614  entropy = 0.00322854786181
    Total E(T) = -12253.3080615113  Free energy = -12253.3080937968  E0 = -12253.3080776541
cycle= 181 E= -12253.3080615113  delta_E= -0.000139  |g|= 0.105  |ddm|= 4.67
    sigma = 0.01  Optimized mu = -0.0548143115337  entropy = 0.00326782778123
    Total E(T) = -12253.3082753244  Free energy = -12253.3083080026  E0 = -12253.3082916635
cycle= 182 E= -12253.3082753244  delta_E= -0.000214  |g|= 0.104  |ddm|= 7.17
    sigma = 0.01  Optimized mu = -0.0548581259754  entropy = 0.00325522010286
    Total E(T) = -12253.3084090305  Free energy = -12253.3084415827  E0 = -12253.3084253066
cycle= 183 E= -12253.3084090305  delta_E= -0.000134  |g|= 0.107  |ddm|= 3.04
    sigma = 0.01  Optimized mu = -0.0547016479158  entropy = 0.00330505729589
    Total E(T) = -12253.3086397602  Free energy = -12253.3086728108  E0 = -12253.3086562855
cycle= 184 E= -12253.3086397602  delta_E= -0.000231  |g|= 0.102  |ddm|= 10.9
    sigma = 0.01  Optimized mu = -0.05444312839  entropy = 0.00336577994324
    Total E(T) = -12253.3089611987  Free energy = -12253.3089948565  E0 = -12253.3089780276
cycle= 185 E= -12253.3089611987  delta_E= -0.000321  |g|= 0.0916  |ddm|= 12.9
    sigma = 0.01  Optimized mu = -0.0543479794878  entropy = 0.0033661393822
    Total E(T) = -12253.3091987126  Free energy = -12253.309232374  E0 = -12253.3092155433
cycle= 186 E= -12253.3091987126  delta_E= -0.000238  |g|= 0.0896  |ddm|= 6.42
    sigma = 0.01  Optimized mu = -0.0543415130694  entropy = 0.00336918108827
    Total E(T) = -12253.3094183638  Free energy = -12253.3094520556  E0 = -12253.3094352097
cycle= 187 E= -12253.3094183638  delta_E= -0.00022  |g|= 0.0884  |ddm|= 3.83
    sigma = 0.01  Optimized mu = -0.0538883627287  entropy = 0.00347760586767
    Total E(T) = -12253.3098246476  Free energy = -12253.3098594236  E0 = -12253.3098420356
cycle= 188 E= -12253.3098246476  delta_E= -0.000406  |g|= 0.0719  |ddm|=   17
    sigma = 0.01  Optimized mu = -0.0532491875866  entropy = 0.00374445900424
    Total E(T) = -12253.3104075746  Free energy = -12253.3104450192  E0 = -12253.3104262969
cycle= 189 E= -12253.3104075746  delta_E= -0.000583  |g|= 0.105  |ddm|= 53.9
    sigma = 0.01  Optimized mu = -0.0531853008918  entropy = 0.00369703779835
    Total E(T) = -12253.3109549545  Free energy = -12253.3109919249  E0 = -12253.3109734397
cycle= 190 E= -12253.3109549545  delta_E= -0.000547  |g|= 0.0736  |ddm|= 16.6
    sigma = 0.01  Optimized mu = -0.053105705857  entropy = 0.00367642890447
    Total E(T) = -12253.3113809433  Free energy = -12253.3114177076  E0 = -12253.3113993254
cycle= 191 E= -12253.3113809433  delta_E= -0.000426  |g|= 0.0701  |ddm|= 12.1
    sigma = 0.01  Optimized mu = -0.0531955947901  entropy = 0.00365680393835
    Total E(T) = -12253.311772099  Free energy = -12253.3118086671  E0 = -12253.311790383
cycle= 192 E= -12253.311772099  delta_E= -0.000391  |g|= 0.0674  |ddm|= 13.2
    sigma = 0.01  Optimized mu = -0.0531282346089  entropy = 0.00366211617095
    Total E(T) = -12253.3121633091  Free energy = -12253.3121999302  E0 = -12253.3121816197
cycle= 193 E= -12253.3121633091  delta_E= -0.000391  |g|= 0.0738  |ddm|= 18.4
    sigma = 0.01  Optimized mu = -0.0532750741752  entropy = 0.0036213103137
    Total E(T) = -12253.3125529958  Free energy = -12253.3125892089  E0 = -12253.3125711023
cycle= 194 E= -12253.3125529958  delta_E= -0.00039  |g|= 0.0761  |ddm|=   14
    sigma = 0.01  Optimized mu = -0.0526225050863  entropy = 0.00377413171411
    Total E(T) = -12253.3131674411  Free energy = -12253.3132051824  E0 = -12253.3131863117
cycle= 195 E= -12253.3131674411  delta_E= -0.000614  |g|= 0.103  |ddm|= 15.4
    sigma = 0.01  Optimized mu = -0.0518089327661  entropy = 0.00395857149081
    Total E(T) = -12253.3136719629  Free energy = -12253.3137115487  E0 = -12253.3136917558
cycle= 196 E= -12253.3136719629  delta_E= -0.000505  |g|= 0.147  |ddm|= 21.3
    sigma = 0.01  Optimized mu = -0.0519172252298  entropy = 0.00397227504082
    Total E(T) = -12253.3143122593  Free energy = -12253.314351982  E0 = -12253.3143321206
cycle= 197 E= -12253.3143122593  delta_E= -0.00064  |g|= 0.13  |ddm|= 21.2
    sigma = 0.01  Optimized mu = -0.051930876936  entropy = 0.00396590916956
    Total E(T) = -12253.3148806821  Free energy = -12253.3149203412  E0 = -12253.3149005116
cycle= 198 E= -12253.3148806821  delta_E= -0.000568  |g|= 0.15  |ddm|= 36.6
    sigma = 0.01  Optimized mu = -0.0523016427807  entropy = 0.00398284121983
    Total E(T) = -12253.3154412096  Free energy = -12253.315481038  E0 = -12253.3154611238
cycle= 199 E= -12253.3154412096  delta_E= -0.000561  |g|= 0.177  |ddm|= 41.5
    sigma = 0.01  Optimized mu = -0.0520619277232  entropy = 0.0038950026229
    Total E(T) = -12253.3159932237  Free energy = -12253.3160321737  E0 = -12253.3160126987
cycle= 200 E= -12253.3159932237  delta_E= -0.000552  |g|= 0.188  |ddm|= 43.9
SCF not converged.
SCF energy = -12253.3159932237 after 200 cycles  <S^2> = 2.0246068  2S+1 = 3.0163599


******** <class 'pyscf.scf.addons.SmearingDFUKS'> ********
method = SmearingDFUKS
initial guess = minao
damping factor = 0.15
level_shift factor = 0.2
DIIS = <class 'pyscf.scf.diis.CDIIS'>
diis_start_cycle = 1
diis_space = 12
diis_damp = 0
SCF conv_tol = 5e-05
SCF conv_tol_grad = None
SCF max_cycles = 500
direct_scf = True
direct_scf_tol = 1e-13
chkfile to save SCF result = ./alp03.chk
max_memory 4000 MB (current use 1149 MB)
number electrons alpha = 334  beta = 332
XC library pyscf.dft.libxc version 6.1.0
    S. Lehtola, C. Steigemann, M. J.T. Oliveira, and M. A.L. Marques.,  SoftwareX 7, 1–5 (2018)
XC functionals = PBE0
    C. Adamo and V. Barone.,  J. Chem. Phys. 110, 6158 (1999)
    M. Ernzerhof and G. E. Scuseria.,  J. Chem. Phys. 110, 5029 (1999)
small_rho_cutoff = 1e-06
Set gradient conv threshold to 0.00707107
init E= -12253.3160055567
    sigma = 0.01  Optimized mu = -0.0560545550729  entropy = 0.00279201163846
    Total E(T) = -12253.3159563829  Free energy = -12253.3159843031  E0 = -12253.315970343
cycle= 1 E= -12253.3159563829  delta_E= 4.92e-05  |g|= 0.363  |ddm|=  252
    sigma = 0.01  Optimized mu = -0.0432988558809  entropy = 0.00836055769609
    Total E(T) = -12253.3046407287  Free energy = -12253.3047243343  E0 = -12253.3046825315
cycle= 2 E= -12253.3046407287  delta_E= 0.0113  |g|= 0.824  |ddm|=  207
    sigma = 0.01  Optimized mu = -0.0527261708616  entropy = 0.00341356866111
    Total E(T) = -12253.3206660647  Free energy = -12253.3207002004  E0 = -12253.3206831325
cycle= 3 E= -12253.3206660647  delta_E= -0.016  |g|= 0.301  |ddm|=  118
    sigma = 0.01  Optimized mu = -0.0533891301551  entropy = 0.0031454168575
    Total E(T) = -12253.3256877165  Free energy = -12253.3257191707  E0 = -12253.3257034436
cycle= 4 E= -12253.3256877165  delta_E= -0.00502  |g|= 0.205  |ddm|=  119
    sigma = 0.01  Optimized mu = -0.0536283083733  entropy = 0.00306044368785
    Total E(T) = -12253.3283778091  Free energy = -12253.3284084135  E0 = -12253.3283931113
cycle= 5 E= -12253.3283778091  delta_E= -0.00269  |g|= 0.18  |ddm|= 81.1
    sigma = 0.01  Optimized mu = -0.0534961146134  entropy = 0.00300742444724
    Total E(T) = -12253.3304145301  Free energy = -12253.3304446044  E0 = -12253.3304295673
cycle= 6 E= -12253.3304145301  delta_E= -0.00204  |g|= 0.178  |ddm|=   82
    sigma = 0.01  Optimized mu = -0.0534987417049  entropy = 0.00297658966937
    Total E(T) = -12253.332154448  Free energy = -12253.3321842139  E0 = -12253.3321693309
cycle= 7 E= -12253.332154448  delta_E= -0.00174  |g|= 0.186  |ddm|= 81.8
    sigma = 0.01  Optimized mu = -0.0536057362095  entropy = 0.00293916488714
    Total E(T) = -12253.3334136917  Free energy = -12253.3334430834  E0 = -12253.3334283875
cycle= 8 E= -12253.3334136917  delta_E= -0.00126  |g|= 0.192  |ddm|= 64.4
    sigma = 0.01  Optimized mu = -0.0537367522654  entropy = 0.00290413000747
    Total E(T) = -12253.3340115334  Free energy = -12253.3340405747  E0 = -12253.334026054
cycle= 9 E= -12253.3340115334  delta_E= -0.000598  |g|= 0.212  |ddm|= 45.6
    sigma = 0.01  Optimized mu = -0.0536729739829  entropy = 0.00287349043745
    Total E(T) = -12253.3343606007  Free energy = -12253.3343893356  E0 = -12253.3343749681
cycle= 10 E= -12253.3343606007  delta_E= -0.000349  |g|= 0.239  |ddm|= 48.5
    sigma = 0.01  Optimized mu = -0.0539664051251  entropy = 0.00283229608403
    Total E(T) = -12253.3346371752  Free energy = -12253.3346654982  E0 = -12253.3346513367
cycle= 11 E= -12253.3346371752  delta_E= -0.000277  |g|= 0.258  |ddm|= 33.7
    sigma = 0.01  Optimized mu = -0.0538653915241  entropy = 0.00281174369188
    Total E(T) = -12253.3347649608  Free energy = -12253.3347930782  E0 = -12253.3347790195
cycle= 12 E= -12253.3347649608  delta_E= -0.000128  |g|= 0.277  |ddm|= 33.5
    sigma = 0.01  Optimized mu = -0.0538999210604  entropy = 0.00280202255398
    Total E(T) = -12253.3344867894  Free energy = -12253.3345148097  E0 = -12253.3345007996
cycle= 13 E= -12253.3344867894  delta_E= 0.000278  |g|= 0.301  |ddm|=   24
    sigma = 0.01  Optimized mu = -0.0540934023003  entropy = 0.00261735144581
    Total E(T) = -12253.337238383  Free energy = -12253.3372645565  E0 = -12253.3372514697
cycle= 14 E= -12253.337238383  delta_E= -0.00275  |g|= 0.227  |ddm|=  128
    sigma = 0.01  Optimized mu = -0.0535138136475  entropy = 0.00255972309992
    Total E(T) = -12253.3394570605  Free energy = -12253.3394826577  E0 = -12253.3394698591
cycle= 15 E= -12253.3394570605  delta_E= -0.00222  |g|= 0.0989  |ddm|=  161
    sigma = 0.01  Optimized mu = -0.053634754922  entropy = 0.0025272065182
    Total E(T) = -12253.3403440467  Free energy = -12253.3403693187  E0 = -12253.3403566827
cycle= 16 E= -12253.3403440467  delta_E= -0.000887  |g|= 0.0488  |ddm|= 67.3
    sigma = 0.01  Optimized mu = -0.0536435243094  entropy = 0.00254035744666
    Total E(T) = -12253.3407081303  Free energy = -12253.3407335339  E0 = -12253.3407208321
cycle= 17 E= -12253.3407081303  delta_E= -0.000364  |g|= 0.0357  |ddm|=   29
    sigma = 0.01  Optimized mu = -0.0536776089734  entropy = 0.00253748913944
    Total E(T) = -12253.3410071766  Free energy = -12253.3410325515  E0 = -12253.3410198641
cycle= 18 E= -12253.3410071766  delta_E= -0.000299  |g|= 0.013  |ddm|= 33.6
    sigma = 0.01  Optimized mu = -0.0536445155891  entropy = 0.00253577788451
    Total E(T) = -12253.3412196156  Free energy = -12253.3412449733  E0 = -12253.3412322944
cycle= 19 E= -12253.3412196156  delta_E= -0.000212  |g|= 0.0265  |ddm|= 35.1
    sigma = 0.01  Optimized mu = -0.0536757961682  entropy = 0.00253154052519
    Total E(T) = -12253.3413764529  Free energy = -12253.3414017683  E0 = -12253.3413891106
cycle= 20 E= -12253.3413764529  delta_E= -0.000157  |g|= 0.041  |ddm|= 26.3
    sigma = 0.01  Optimized mu = -0.053650095751  entropy = 0.00252444065425
    Total E(T) = -12253.3415334308  Free energy = -12253.3415586752  E0 = -12253.341546053
cycle= 21 E= -12253.3415334308  delta_E= -0.000157  |g|= 0.0359  |ddm|=   15
    sigma = 0.01  Optimized mu = -0.0536542220348  entropy = 0.0025214140257
    Total E(T) = -12253.3416862265  Free energy = -12253.3417114407  E0 = -12253.3416988336
cycle= 22 E= -12253.3416862265  delta_E= -0.000153  |g|= 0.0247  |ddm|=   11
    sigma = 0.01  Optimized mu = -0.053737074325  entropy = 0.00251510856994
    Total E(T) = -12253.3418109506  Free energy = -12253.3418361017  E0 = -12253.3418235262
cycle= 23 E= -12253.3418109506  delta_E= -0.000125  |g|= 0.0228  |ddm|= 10.4
    sigma = 0.01  Optimized mu = -0.053666442572  entropy = 0.00251056343018
    Total E(T) = -12253.3419196153  Free energy = -12253.341944721  E0 = -12253.3419321682
cycle= 24 E= -12253.3419196153  delta_E= -0.000109  |g|= 0.0209  |ddm|= 11.5
    sigma = 0.01  Optimized mu = -0.0536495288788  entropy = 0.00250917115442
    Total E(T) = -12253.3420232147  Free energy = -12253.3420483064  E0 = -12253.3420357606
cycle= 25 E= -12253.3420232147  delta_E= -0.000104  |g|= 0.0131  |ddm|= 9.03
    sigma = 0.01  Optimized mu = -0.053699851756  entropy = 0.00250808676991
    Total E(T) = -12253.342099215  Free energy = -12253.3421242959  E0 = -12253.3421117554
cycle= 26 E= -12253.342099215  delta_E= -7.6e-05  |g|= 0.00639  |ddm|= 7.44
    sigma = 0.01  Optimized mu = -0.0536865942535  entropy = 0.00250446523811
    Total E(T) = -12253.3421701535  Free energy = -12253.3421951981  E0 = -12253.3421826758
cycle= 27 E= -12253.3421701535  delta_E= -7.09e-05  |g|= 0.0116  |ddm|= 12.4
    sigma = 0.01  Optimized mu = -0.0536700708455  entropy = 0.00250316804912
    Total E(T) = -12253.3422315267  Free energy = -12253.3422565584  E0 = -12253.3422440426
cycle= 28 E= -12253.3422315267  delta_E= -6.14e-05  |g|= 0.0124  |ddm|= 8.83
    sigma = 0.01  Optimized mu = -0.05369033442  entropy = 0.00250113841746
    Total E(T) = -12253.3422868238  Free energy = -12253.3423118352  E0 = -12253.3422993295
cycle= 29 E= -12253.3422868238  delta_E= -5.53e-05  |g|= 0.0147  |ddm|= 6.94
    sigma = 0.01  Optimized mu = -0.053674111549  entropy = 0.0025011449221
    Total E(T) = -12253.3423396235  Free energy = -12253.342364635  E0 = -12253.3423521292
cycle= 30 E= -12253.3423396235  delta_E= -5.28e-05  |g|= 0.0113  |ddm|= 5.49
    sigma = 0.01  Optimized mu = -0.0536727677375  entropy = 0.00249994616587
    Total E(T) = -12253.3423915244  Free energy = -12253.3424165238  E0 = -12253.3424040241
cycle= 31 E= -12253.3423915244  delta_E= -5.19e-05  |g|= 0.0137  |ddm|= 7.85
    sigma = 0.01  Optimized mu = -0.0536734279204  entropy = 0.00249765736655
